0 info it worked if it ends with ok
1 verbose cli [ '/usr/bin/node', '/usr/bin/npm', 'install', 'node' ]
2 info using npm@3.5.2
3 info using node@v6.11.4
4 silly loadCurrentTree Starting
5 silly install loadCurrentTree
6 silly install readLocalPackageData
7 silly fetchPackageMetaData node
8 silly fetchNamedPackageData node
9 silly mapToRegistry name node
10 silly mapToRegistry using default registry
11 silly mapToRegistry registry https://registry.npmjs.org/
12 silly mapToRegistry uri https://registry.npmjs.org/node
13 verbose request uri https://registry.npmjs.org/node
14 verbose request no auth needed
15 info attempt registry request try #1 at 9:39:20 PM
16 verbose request id 43d05abca45a9322
17 http request GET https://registry.npmjs.org/node
18 http 200 https://registry.npmjs.org/node
19 verbose headers { 'content-type': 'application/json; charset=UTF-8',
19 verbose headers   server: 'UploadServer',
19 verbose headers   'cache-control': 'max-age=300',
19 verbose headers   'last-modified': 'Mon, 15 Jan 2018 15:37:25 GMT',
19 verbose headers   etag: '"5a5ccab5-53bb4"',
19 verbose headers   'content-encoding': 'gzip',
19 verbose headers   'content-length': '55697',
19 verbose headers   'accept-ranges': 'bytes',
19 verbose headers   date: 'Mon, 22 Jan 2018 16:09:20 GMT',
19 verbose headers   via: '1.1 varnish',
19 verbose headers   age: '10578',
19 verbose headers   connection: 'keep-alive',
19 verbose headers   'x-served-by': 'cache-sin18031-SIN',
19 verbose headers   'x-cache': 'HIT',
19 verbose headers   'x-cache-hits': '1',
19 verbose headers   'x-timer': 'S1516637361.793659,VS0,VE0',
19 verbose headers   vary: 'Accept-Encoding, Accept' }
20 silly get cb [ 200,
20 silly get   { 'content-type': 'application/json; charset=UTF-8',
20 silly get     server: 'UploadServer',
20 silly get     'cache-control': 'max-age=300',
20 silly get     'last-modified': 'Mon, 15 Jan 2018 15:37:25 GMT',
20 silly get     etag: '"5a5ccab5-53bb4"',
20 silly get     'content-encoding': 'gzip',
20 silly get     'content-length': '55697',
20 silly get     'accept-ranges': 'bytes',
20 silly get     date: 'Mon, 22 Jan 2018 16:09:20 GMT',
20 silly get     via: '1.1 varnish',
20 silly get     age: '10578',
20 silly get     connection: 'keep-alive',
20 silly get     'x-served-by': 'cache-sin18031-SIN',
20 silly get     'x-cache': 'HIT',
20 silly get     'x-cache-hits': '1',
20 silly get     'x-timer': 'S1516637361.793659,VS0,VE0',
20 silly get     vary: 'Accept-Encoding, Accept' } ]
21 verbose get saving node to /home/vijaicv/.npm/registry.npmjs.org/node/.cache.json
22 silly install normalizeTree
23 silly loadCurrentTree Finishing
24 silly loadIdealTree Starting
25 silly install loadIdealTree
26 silly cloneCurrentTree Starting
27 silly install cloneCurrentTreeToIdealTree
28 silly cloneCurrentTree Finishing
29 silly loadShrinkwrap Starting
30 silly install loadShrinkwrap
31 silly loadShrinkwrap Finishing
32 silly loadAllDepsIntoIdealTree Starting
33 silly install loadAllDepsIntoIdealTree
34 silly resolveWithNewModule node@9.4.0 checking installable status
35 silly cache add args [ 'node', null ]
36 verbose cache add spec node
37 silly cache add parsed spec Result {
37 silly cache add   raw: 'node',
37 silly cache add   scope: null,
37 silly cache add   name: 'node',
37 silly cache add   rawSpec: '',
37 silly cache add   spec: 'latest',
37 silly cache add   type: 'tag' }
38 silly addNamed node@latest
39 verbose addNamed "latest" is being treated as a dist-tag for node
40 info addNameTag [ 'node', 'latest' ]
41 silly mapToRegistry name node
42 silly mapToRegistry using default registry
43 silly mapToRegistry registry https://registry.npmjs.org/
44 silly mapToRegistry uri https://registry.npmjs.org/node
45 verbose addNameTag registry:https://registry.npmjs.org/node not in flight; fetching
46 verbose get https://registry.npmjs.org/node not expired, no request
47 silly addNameTag next cb for node with tag latest
48 silly addNamed node@9.4.0
49 verbose addNamed "9.4.0" is a plain semver version for node
50 silly mapToRegistry name node
51 silly mapToRegistry using default registry
52 silly mapToRegistry registry https://registry.npmjs.org/
53 silly mapToRegistry uri https://registry.npmjs.org/node
54 verbose addRemoteTarball https://registry.npmjs.org/node/-/node-9.4.0.tgz not in flight; adding
55 verbose addRemoteTarball [ 'https://registry.npmjs.org/node/-/node-9.4.0.tgz',
55 verbose addRemoteTarball   '607459ecd79af0f91e74318124bec0537644cdee' ]
56 info retry fetch attempt 1 at 9:39:21 PM
57 info attempt registry request try #1 at 9:39:21 PM
58 http fetch GET https://registry.npmjs.org/node/-/node-9.4.0.tgz
59 http fetch 200 https://registry.npmjs.org/node/-/node-9.4.0.tgz
60 silly fetchAndShaCheck shasum 607459ecd79af0f91e74318124bec0537644cdee
61 verbose addTmpTarball /tmp/npm-8530-8d1b9011/registry.npmjs.org/node/-/node-9.4.0.tgz not in flight; adding
62 verbose addTmpTarball already have metadata; skipping unpack for node@9.4.0
63 silly cache afterAdd node@9.4.0
64 verbose afterAdd /home/vijaicv/.npm/node/9.4.0/package/package.json not in flight; writing
65 verbose afterAdd /home/vijaicv/.npm/node/9.4.0/package/package.json written
66 silly fetchNamedPackageData node-bin-setup
67 silly mapToRegistry name node-bin-setup
68 silly mapToRegistry using default registry
69 silly mapToRegistry registry https://registry.npmjs.org/
70 silly mapToRegistry uri https://registry.npmjs.org/node-bin-setup
71 verbose request uri https://registry.npmjs.org/node-bin-setup
72 verbose request no auth needed
73 info attempt registry request try #1 at 9:39:21 PM
74 http request GET https://registry.npmjs.org/node-bin-setup
75 http 200 https://registry.npmjs.org/node-bin-setup
76 verbose headers { 'content-type': 'application/json; charset=UTF-8',
76 verbose headers   server: 'UploadServer',
76 verbose headers   'cache-control': 'max-age=300',
76 verbose headers   'last-modified': 'Tue, 25 Jul 2017 3:32:58 GMT',
76 verbose headers   etag: '"5976bbea-1511"',
76 verbose headers   'content-encoding': 'gzip',
76 verbose headers   'content-length': '1464',
76 verbose headers   'accept-ranges': 'bytes',
76 verbose headers   date: 'Mon, 22 Jan 2018 16:09:21 GMT',
76 verbose headers   via: '1.1 varnish',
76 verbose headers   age: '8260',
76 verbose headers   connection: 'keep-alive',
76 verbose headers   'x-served-by': 'cache-sin18031-SIN',
76 verbose headers   'x-cache': 'HIT',
76 verbose headers   'x-cache-hits': '4',
76 verbose headers   'x-timer': 'S1516637362.573123,VS0,VE0',
76 verbose headers   vary: 'Accept-Encoding, Accept' }
77 silly get cb [ 200,
77 silly get   { 'content-type': 'application/json; charset=UTF-8',
77 silly get     server: 'UploadServer',
77 silly get     'cache-control': 'max-age=300',
77 silly get     'last-modified': 'Tue, 25 Jul 2017 3:32:58 GMT',
77 silly get     etag: '"5976bbea-1511"',
77 silly get     'content-encoding': 'gzip',
77 silly get     'content-length': '1464',
77 silly get     'accept-ranges': 'bytes',
77 silly get     date: 'Mon, 22 Jan 2018 16:09:21 GMT',
77 silly get     via: '1.1 varnish',
77 silly get     age: '8260',
77 silly get     connection: 'keep-alive',
77 silly get     'x-served-by': 'cache-sin18031-SIN',
77 silly get     'x-cache': 'HIT',
77 silly get     'x-cache-hits': '4',
77 silly get     'x-timer': 'S1516637362.573123,VS0,VE0',
77 silly get     vary: 'Accept-Encoding, Accept' } ]
78 verbose get saving node-bin-setup to /home/vijaicv/.npm/registry.npmjs.org/node-bin-setup/.cache.json
79 silly resolveWithNewModule node-bin-setup@1.0.6 checking installable status
80 silly cache add args [ 'node-bin-setup@^1.0.0', null ]
81 verbose cache add spec node-bin-setup@^1.0.0
82 silly cache add parsed spec Result {
82 silly cache add   raw: 'node-bin-setup@^1.0.0',
82 silly cache add   scope: null,
82 silly cache add   name: 'node-bin-setup',
82 silly cache add   rawSpec: '^1.0.0',
82 silly cache add   spec: '>=1.0.0 <2.0.0',
82 silly cache add   type: 'range' }
83 silly addNamed node-bin-setup@>=1.0.0 <2.0.0
84 verbose addNamed ">=1.0.0 <2.0.0" is a valid semver range for node-bin-setup
85 silly addNameRange { name: 'node-bin-setup',
85 silly addNameRange   range: '>=1.0.0 <2.0.0',
85 silly addNameRange   hasData: false }
86 silly mapToRegistry name node-bin-setup
87 silly mapToRegistry using default registry
88 silly mapToRegistry registry https://registry.npmjs.org/
89 silly mapToRegistry uri https://registry.npmjs.org/node-bin-setup
90 verbose addNameRange registry:https://registry.npmjs.org/node-bin-setup not in flight; fetching
91 verbose get https://registry.npmjs.org/node-bin-setup not expired, no request
92 silly addNameRange number 2 { name: 'node-bin-setup',
92 silly addNameRange   range: '>=1.0.0 <2.0.0',
92 silly addNameRange   hasData: true }
93 silly addNameRange versions [ 'node-bin-setup',
93 silly addNameRange   [ '1.0.0', '1.0.1', '1.0.2', '1.0.3', '1.0.4', '1.0.6' ] ]
94 silly addNamed node-bin-setup@1.0.6
95 verbose addNamed "1.0.6" is a plain semver version for node-bin-setup
96 silly mapToRegistry name node-bin-setup
97 silly mapToRegistry using default registry
98 silly mapToRegistry registry https://registry.npmjs.org/
99 silly mapToRegistry uri https://registry.npmjs.org/node-bin-setup
100 verbose addRemoteTarball https://registry.npmjs.org/node-bin-setup/-/node-bin-setup-1.0.6.tgz not in flight; adding
101 verbose addRemoteTarball [ 'https://registry.npmjs.org/node-bin-setup/-/node-bin-setup-1.0.6.tgz',
101 verbose addRemoteTarball   '4b5c9bb937ece702d7069b36ca78af4684677528' ]
102 info retry fetch attempt 1 at 9:39:21 PM
103 info attempt registry request try #1 at 9:39:21 PM
104 http fetch GET https://registry.npmjs.org/node-bin-setup/-/node-bin-setup-1.0.6.tgz
105 http fetch 200 https://registry.npmjs.org/node-bin-setup/-/node-bin-setup-1.0.6.tgz
106 silly fetchAndShaCheck shasum 4b5c9bb937ece702d7069b36ca78af4684677528
107 verbose addTmpTarball /tmp/npm-8530-8d1b9011/registry.npmjs.org/node-bin-setup/-/node-bin-setup-1.0.6.tgz not in flight; adding
108 verbose addTmpTarball already have metadata; skipping unpack for node-bin-setup@1.0.6
109 silly cache afterAdd node-bin-setup@1.0.6
110 verbose afterAdd /home/vijaicv/.npm/node-bin-setup/1.0.6/package/package.json not in flight; writing
111 verbose afterAdd /home/vijaicv/.npm/node-bin-setup/1.0.6/package/package.json written
112 silly fetchNamedPackageData fsevents
113 silly mapToRegistry name fsevents
114 silly mapToRegistry using default registry
115 silly mapToRegistry registry https://registry.npmjs.org/
116 silly mapToRegistry uri https://registry.npmjs.org/fsevents
117 verbose request uri https://registry.npmjs.org/fsevents
118 verbose request no auth needed
119 info attempt registry request try #1 at 9:39:22 PM
120 http request GET https://registry.npmjs.org/fsevents
121 http 200 https://registry.npmjs.org/fsevents
122 verbose headers { 'content-type': 'application/json; charset=UTF-8',
122 verbose headers   server: 'UploadServer',
122 verbose headers   'cache-control': 'max-age=300',
122 verbose headers   'last-modified': 'Wed, 29 Nov 2017 10:42:05 GMT',
122 verbose headers   etag: '"5a1e8efd-e513"',
122 verbose headers   'content-encoding': 'gzip',
122 verbose headers   'content-length': '7286',
122 verbose headers   'accept-ranges': 'bytes',
122 verbose headers   date: 'Mon, 22 Jan 2018 16:09:22 GMT',
122 verbose headers   via: '1.1 varnish',
122 verbose headers   age: '674',
122 verbose headers   connection: 'keep-alive',
122 verbose headers   'x-served-by': 'cache-sin18031-SIN',
122 verbose headers   'x-cache': 'HIT',
122 verbose headers   'x-cache-hits': '21',
122 verbose headers   'x-timer': 'S1516637362.139247,VS0,VE0',
122 verbose headers   vary: 'Accept-Encoding, Accept' }
123 silly get cb [ 200,
123 silly get   { 'content-type': 'application/json; charset=UTF-8',
123 silly get     server: 'UploadServer',
123 silly get     'cache-control': 'max-age=300',
123 silly get     'last-modified': 'Wed, 29 Nov 2017 10:42:05 GMT',
123 silly get     etag: '"5a1e8efd-e513"',
123 silly get     'content-encoding': 'gzip',
123 silly get     'content-length': '7286',
123 silly get     'accept-ranges': 'bytes',
123 silly get     date: 'Mon, 22 Jan 2018 16:09:22 GMT',
123 silly get     via: '1.1 varnish',
123 silly get     age: '674',
123 silly get     connection: 'keep-alive',
123 silly get     'x-served-by': 'cache-sin18031-SIN',
123 silly get     'x-cache': 'HIT',
123 silly get     'x-cache-hits': '21',
123 silly get     'x-timer': 'S1516637362.139247,VS0,VE0',
123 silly get     vary: 'Accept-Encoding, Accept' } ]
124 verbose get saving fsevents to /home/vijaicv/.npm/registry.npmjs.org/fsevents/.cache.json
125 silly resolveWithNewModule fsevents@1.1.3 checking installable status
126 silly loadAllDepsIntoIdealTree Finishing
127 silly idealTree:prePrune bkserver@1.0.0
127 silly idealTree:prePrune +-- abbrev@1.1.1
127 silly idealTree:prePrune +-- accepts@1.3.4
127 silly idealTree:prePrune +-- ajv@5.5.2
127 silly idealTree:prePrune +-- ansi-align@2.0.0
127 silly idealTree:prePrune | +-- ansi-regex@3.0.0
127 silly idealTree:prePrune | +-- is-fullwidth-code-point@2.0.0
127 silly idealTree:prePrune | +-- string-width@2.1.1
127 silly idealTree:prePrune | `-- strip-ansi@4.0.0
127 silly idealTree:prePrune +-- ansi-regex@2.1.1
127 silly idealTree:prePrune +-- ansi-styles@3.2.0
127 silly idealTree:prePrune +-- anymatch@2.0.0
127 silly idealTree:prePrune +-- aproba@1.2.0
127 silly idealTree:prePrune +-- are-we-there-yet@1.1.4
127 silly idealTree:prePrune +-- arr-diff@4.0.0
127 silly idealTree:prePrune +-- arr-flatten@1.1.0
127 silly idealTree:prePrune +-- arr-union@3.1.0
127 silly idealTree:prePrune +-- array-flatten@1.1.1
127 silly idealTree:prePrune +-- array-unique@0.3.2
127 silly idealTree:prePrune +-- asn1@0.2.3
127 silly idealTree:prePrune +-- assert-plus@1.0.0
127 silly idealTree:prePrune +-- assign-symbols@1.0.0
127 silly idealTree:prePrune +-- async-each@1.0.1
127 silly idealTree:prePrune +-- asynckit@0.4.0
127 silly idealTree:prePrune +-- atob@2.0.3
127 silly idealTree:prePrune +-- aws-sign2@0.7.0
127 silly idealTree:prePrune +-- aws4@1.6.0
127 silly idealTree:prePrune +-- balanced-match@1.0.0
127 silly idealTree:prePrune +-- base@0.11.2
127 silly idealTree:prePrune +-- bcrypt-nodejs@0.0.3
127 silly idealTree:prePrune +-- bcrypt-pbkdf@1.0.1
127 silly idealTree:prePrune +-- bcrypt@1.0.3
127 silly idealTree:prePrune | `-- node-pre-gyp@0.6.36
127 silly idealTree:prePrune +-- binary-extensions@1.11.0
127 silly idealTree:prePrune +-- block-stream@0.0.9
127 silly idealTree:prePrune +-- body-parser@1.18.2
127 silly idealTree:prePrune +-- boom@4.3.1
127 silly idealTree:prePrune +-- boxen@1.3.0
127 silly idealTree:prePrune | +-- ansi-regex@3.0.0
127 silly idealTree:prePrune | +-- is-fullwidth-code-point@2.0.0
127 silly idealTree:prePrune | +-- string-width@2.1.1
127 silly idealTree:prePrune | `-- strip-ansi@4.0.0
127 silly idealTree:prePrune +-- brace-expansion@1.1.8
127 silly idealTree:prePrune +-- braces@2.3.0
127 silly idealTree:prePrune +-- bson@1.0.4
127 silly idealTree:prePrune +-- bytes@3.0.0
127 silly idealTree:prePrune +-- cache-base@1.0.1
127 silly idealTree:prePrune +-- camelcase@4.1.0
127 silly idealTree:prePrune +-- capture-stack-trace@1.0.0
127 silly idealTree:prePrune +-- caseless@0.12.0
127 silly idealTree:prePrune +-- chalk@2.3.0
127 silly idealTree:prePrune +-- chokidar@2.0.0
127 silly idealTree:prePrune +-- class-utils@0.3.6
127 silly idealTree:prePrune | +-- define-property@0.2.5
127 silly idealTree:prePrune | +-- is-accessor-descriptor@0.1.6
127 silly idealTree:prePrune | | `-- kind-of@3.2.2
127 silly idealTree:prePrune | +-- is-data-descriptor@0.1.4
127 silly idealTree:prePrune | | `-- kind-of@3.2.2
127 silly idealTree:prePrune | +-- is-descriptor@0.1.6
127 silly idealTree:prePrune | `-- kind-of@5.1.0
127 silly idealTree:prePrune +-- cli-boxes@1.0.0
127 silly idealTree:prePrune +-- co@4.6.0
127 silly idealTree:prePrune +-- code-point-at@1.1.0
127 silly idealTree:prePrune +-- collection-visit@1.0.0
127 silly idealTree:prePrune +-- color-convert@1.9.1
127 silly idealTree:prePrune +-- color-name@1.1.3
127 silly idealTree:prePrune +-- combined-stream@1.0.5
127 silly idealTree:prePrune +-- component-emitter@1.2.1
127 silly idealTree:prePrune +-- concat-map@0.0.1
127 silly idealTree:prePrune +-- configstore@3.1.1
127 silly idealTree:prePrune +-- console-control-strings@1.1.0
127 silly idealTree:prePrune +-- content-disposition@0.5.2
127 silly idealTree:prePrune +-- content-type@1.0.4
127 silly idealTree:prePrune +-- cookie-signature@1.0.6
127 silly idealTree:prePrune +-- cookie@0.3.1
127 silly idealTree:prePrune +-- copy-descriptor@0.1.1
127 silly idealTree:prePrune +-- core-util-is@1.0.2
127 silly idealTree:prePrune +-- create-error-class@3.0.2
127 silly idealTree:prePrune +-- cross-spawn@5.1.0
127 silly idealTree:prePrune +-- cryptiles@3.1.2
127 silly idealTree:prePrune | `-- boom@5.2.0
127 silly idealTree:prePrune +-- crypto-random-string@1.0.0
127 silly idealTree:prePrune +-- dashdash@1.14.1
127 silly idealTree:prePrune +-- debug@2.6.9
127 silly idealTree:prePrune +-- decode-uri-component@0.2.0
127 silly idealTree:prePrune +-- deep-extend@0.4.2
127 silly idealTree:prePrune +-- define-property@1.0.0
127 silly idealTree:prePrune +-- delayed-stream@1.0.0
127 silly idealTree:prePrune +-- delegates@1.0.0
127 silly idealTree:prePrune +-- depd@1.1.1
127 silly idealTree:prePrune +-- destroy@1.0.4
127 silly idealTree:prePrune +-- dot-prop@4.2.0
127 silly idealTree:prePrune +-- duplexer@0.1.1
127 silly idealTree:prePrune +-- duplexer3@0.1.4
127 silly idealTree:prePrune +-- ecc-jsbn@0.1.1
127 silly idealTree:prePrune +-- ee-first@1.1.1
127 silly idealTree:prePrune +-- encodeurl@1.0.1
127 silly idealTree:prePrune +-- escape-html@1.0.3
127 silly idealTree:prePrune +-- escape-string-regexp@1.0.5
127 silly idealTree:prePrune +-- etag@1.8.1
127 silly idealTree:prePrune +-- event-stream@3.3.4
127 silly idealTree:prePrune +-- execa@0.7.0
127 silly idealTree:prePrune +-- expand-brackets@2.1.4
127 silly idealTree:prePrune | +-- define-property@0.2.5
127 silly idealTree:prePrune | +-- is-accessor-descriptor@0.1.6
127 silly idealTree:prePrune | | `-- kind-of@3.2.2
127 silly idealTree:prePrune | +-- is-data-descriptor@0.1.4
127 silly idealTree:prePrune | | `-- kind-of@3.2.2
127 silly idealTree:prePrune | +-- is-descriptor@0.1.6
127 silly idealTree:prePrune | `-- kind-of@5.1.0
127 silly idealTree:prePrune +-- express@4.16.2
127 silly idealTree:prePrune +-- extend-shallow@2.0.1
127 silly idealTree:prePrune +-- extend@3.0.1
127 silly idealTree:prePrune +-- extglob@2.0.4
127 silly idealTree:prePrune +-- extsprintf@1.3.0
127 silly idealTree:prePrune +-- fast-deep-equal@1.0.0
127 silly idealTree:prePrune +-- fast-json-stable-stringify@2.0.0
127 silly idealTree:prePrune +-- fill-range@4.0.0
127 silly idealTree:prePrune +-- finalhandler@1.1.0
127 silly idealTree:prePrune +-- for-in@1.0.2
127 silly idealTree:prePrune +-- forever-agent@0.6.1
127 silly idealTree:prePrune +-- form-data@2.3.1
127 silly idealTree:prePrune +-- forwarded@0.1.2
127 silly idealTree:prePrune +-- fragment-cache@0.2.1
127 silly idealTree:prePrune +-- fresh@0.5.2
127 silly idealTree:prePrune +-- from@0.1.7
127 silly idealTree:prePrune +-- fs.realpath@1.0.0
127 silly idealTree:prePrune +-- fstream-ignore@1.0.5
127 silly idealTree:prePrune +-- fstream@1.0.11
127 silly idealTree:prePrune +-- gauge@2.7.4
127 silly idealTree:prePrune +-- get-stream@3.0.0
127 silly idealTree:prePrune +-- get-value@2.0.6
127 silly idealTree:prePrune +-- getpass@0.1.7
127 silly idealTree:prePrune +-- glob-parent@3.1.0
127 silly idealTree:prePrune | `-- is-glob@3.1.0
127 silly idealTree:prePrune +-- glob@7.1.2
127 silly idealTree:prePrune +-- global-dirs@0.1.1
127 silly idealTree:prePrune +-- got@6.7.1
127 silly idealTree:prePrune +-- graceful-fs@4.1.11
127 silly idealTree:prePrune +-- har-schema@2.0.0
127 silly idealTree:prePrune +-- har-validator@5.0.3
127 silly idealTree:prePrune +-- has-flag@2.0.0
127 silly idealTree:prePrune +-- has-unicode@2.0.1
127 silly idealTree:prePrune +-- has-value@1.0.0
127 silly idealTree:prePrune +-- has-values@1.0.0
127 silly idealTree:prePrune | `-- kind-of@4.0.0
127 silly idealTree:prePrune +-- hawk@6.0.2
127 silly idealTree:prePrune +-- hoek@4.2.0
127 silly idealTree:prePrune +-- http-errors@1.6.2
127 silly idealTree:prePrune | `-- setprototypeof@1.0.3
127 silly idealTree:prePrune +-- http-signature@1.2.0
127 silly idealTree:prePrune +-- iconv-lite@0.4.19
127 silly idealTree:prePrune +-- ignore-by-default@1.0.1
127 silly idealTree:prePrune +-- import-lazy@2.1.0
127 silly idealTree:prePrune +-- imurmurhash@0.1.4
127 silly idealTree:prePrune +-- inflight@1.0.6
127 silly idealTree:prePrune +-- inherits@2.0.3
127 silly idealTree:prePrune +-- ini@1.3.5
127 silly idealTree:prePrune +-- ipaddr.js@1.5.2
127 silly idealTree:prePrune +-- is-accessor-descriptor@1.0.0
127 silly idealTree:prePrune +-- is-binary-path@1.0.1
127 silly idealTree:prePrune +-- is-buffer@1.1.6
127 silly idealTree:prePrune +-- is-data-descriptor@1.0.0
127 silly idealTree:prePrune +-- is-descriptor@1.0.2
127 silly idealTree:prePrune +-- is-extendable@0.1.1
127 silly idealTree:prePrune +-- is-extglob@2.1.1
127 silly idealTree:prePrune +-- is-fullwidth-code-point@1.0.0
127 silly idealTree:prePrune +-- is-glob@4.0.0
127 silly idealTree:prePrune +-- is-installed-globally@0.1.0
127 silly idealTree:prePrune +-- is-npm@1.0.0
127 silly idealTree:prePrune +-- is-number@3.0.0
127 silly idealTree:prePrune | `-- kind-of@3.2.2
127 silly idealTree:prePrune +-- is-obj@1.0.1
127 silly idealTree:prePrune +-- is-odd@1.0.0
127 silly idealTree:prePrune +-- is-path-inside@1.0.1
127 silly idealTree:prePrune +-- is-plain-object@2.0.4
127 silly idealTree:prePrune +-- is-redirect@1.0.0
127 silly idealTree:prePrune +-- is-retry-allowed@1.1.0
127 silly idealTree:prePrune +-- is-stream@1.1.0
127 silly idealTree:prePrune +-- is-typedarray@1.0.0
127 silly idealTree:prePrune +-- isarray@1.0.0
127 silly idealTree:prePrune +-- isexe@2.0.0
127 silly idealTree:prePrune +-- isobject@3.0.1
127 silly idealTree:prePrune +-- isstream@0.1.2
127 silly idealTree:prePrune +-- jsbn@0.1.1
127 silly idealTree:prePrune +-- json-schema-traverse@0.3.1
127 silly idealTree:prePrune +-- json-schema@0.2.3
127 silly idealTree:prePrune +-- json-stringify-safe@5.0.1
127 silly idealTree:prePrune +-- jsprim@1.4.1
127 silly idealTree:prePrune +-- kind-of@6.0.2
127 silly idealTree:prePrune +-- latest-version@3.1.0
127 silly idealTree:prePrune +-- lazy-cache@2.0.2
127 silly idealTree:prePrune +-- lowercase-keys@1.0.0
127 silly idealTree:prePrune +-- lru-cache@4.1.1
127 silly idealTree:prePrune +-- make-dir@1.1.0
127 silly idealTree:prePrune +-- map-cache@0.2.2
127 silly idealTree:prePrune +-- map-stream@0.1.0
127 silly idealTree:prePrune +-- map-visit@1.0.0
127 silly idealTree:prePrune +-- media-typer@0.3.0
127 silly idealTree:prePrune +-- merge-descriptors@1.0.1
127 silly idealTree:prePrune +-- methods@1.1.2
127 silly idealTree:prePrune +-- micromatch@3.1.5
127 silly idealTree:prePrune +-- mime-db@1.30.0
127 silly idealTree:prePrune +-- mime-types@2.1.17
127 silly idealTree:prePrune +-- mime@1.4.1
127 silly idealTree:prePrune +-- minimatch@3.0.4
127 silly idealTree:prePrune +-- minimist@0.0.8
127 silly idealTree:prePrune +-- mixin-deep@1.3.0
127 silly idealTree:prePrune | `-- is-extendable@1.0.1
127 silly idealTree:prePrune +-- mkdirp@0.5.1
127 silly idealTree:prePrune +-- mongodb-core@3.0.1
127 silly idealTree:prePrune +-- mongodb@3.0.1
127 silly idealTree:prePrune +-- ms@2.0.0
127 silly idealTree:prePrune +-- nan@2.6.2
127 silly idealTree:prePrune +-- nanomatch@1.2.7
127 silly idealTree:prePrune | `-- kind-of@5.1.0
127 silly idealTree:prePrune +-- negotiator@0.6.1
127 silly idealTree:prePrune +-- node-bin-setup@1.0.6
127 silly idealTree:prePrune +-- node-pre-gyp
127 silly idealTree:prePrune +-- node@9.4.0
127 silly idealTree:prePrune +-- nodejs@0.0.0
127 silly idealTree:prePrune +-- nodemon@1.14.11
127 silly idealTree:prePrune | `-- debug@3.1.0
127 silly idealTree:prePrune +-- nopt@4.0.1
127 silly idealTree:prePrune +-- normalize-path@2.1.1
127 silly idealTree:prePrune +-- npm-run-path@2.0.2
127 silly idealTree:prePrune +-- npmlog@4.1.2
127 silly idealTree:prePrune +-- number-is-nan@1.0.1
127 silly idealTree:prePrune +-- oauth-sign@0.8.2
127 silly idealTree:prePrune +-- object-assign@4.1.1
127 silly idealTree:prePrune +-- object-copy@0.1.0
127 silly idealTree:prePrune | +-- define-property@0.2.5
127 silly idealTree:prePrune | +-- is-accessor-descriptor@0.1.6
127 silly idealTree:prePrune | +-- is-data-descriptor@0.1.4
127 silly idealTree:prePrune | +-- is-descriptor@0.1.6
127 silly idealTree:prePrune | | `-- kind-of@5.1.0
127 silly idealTree:prePrune | `-- kind-of@3.2.2
127 silly idealTree:prePrune +-- object-visit@1.0.1
127 silly idealTree:prePrune +-- object.pick@1.3.0
127 silly idealTree:prePrune +-- on-finished@2.3.0
127 silly idealTree:prePrune +-- once@1.4.0
127 silly idealTree:prePrune +-- os-homedir@1.0.2
127 silly idealTree:prePrune +-- os-tmpdir@1.0.2
127 silly idealTree:prePrune +-- osenv@0.1.4
127 silly idealTree:prePrune +-- p-finally@1.0.0
127 silly idealTree:prePrune +-- package-json@4.0.1
127 silly idealTree:prePrune +-- parseurl@1.3.2
127 silly idealTree:prePrune +-- pascalcase@0.1.1
127 silly idealTree:prePrune +-- path-dirname@1.0.2
127 silly idealTree:prePrune +-- path-is-absolute@1.0.1
127 silly idealTree:prePrune +-- path-is-inside@1.0.2
127 silly idealTree:prePrune +-- path-key@2.0.1
127 silly idealTree:prePrune +-- path-to-regexp@0.1.7
127 silly idealTree:prePrune +-- pause-stream@0.0.11
127 silly idealTree:prePrune +-- performance-now@2.1.0
127 silly idealTree:prePrune +-- pify@3.0.0
127 silly idealTree:prePrune +-- posix-character-classes@0.1.1
127 silly idealTree:prePrune +-- prepend-http@1.0.4
127 silly idealTree:prePrune +-- process-nextick-args@1.0.7
127 silly idealTree:prePrune +-- proxy-addr@2.0.2
127 silly idealTree:prePrune +-- ps-tree@1.1.0
127 silly idealTree:prePrune +-- pseudomap@1.0.2
127 silly idealTree:prePrune +-- pstree.remy@1.1.0
127 silly idealTree:prePrune +-- punycode@1.4.1
127 silly idealTree:prePrune +-- qs@6.5.1
127 silly idealTree:prePrune +-- range-parser@1.2.0
127 silly idealTree:prePrune +-- raw-body@2.3.2
127 silly idealTree:prePrune +-- rc@1.2.4
127 silly idealTree:prePrune | `-- minimist@1.2.0
127 silly idealTree:prePrune +-- readable-stream@2.3.3
127 silly idealTree:prePrune +-- readdirp@2.1.0
127 silly idealTree:prePrune +-- regex-not@1.0.0
127 silly idealTree:prePrune +-- registry-auth-token@3.3.1
127 silly idealTree:prePrune +-- registry-url@3.1.0
127 silly idealTree:prePrune +-- remove-trailing-separator@1.1.0
127 silly idealTree:prePrune +-- repeat-element@1.1.2
127 silly idealTree:prePrune +-- repeat-string@1.6.1
127 silly idealTree:prePrune +-- request@2.83.0
127 silly idealTree:prePrune +-- require_optional@1.0.1
127 silly idealTree:prePrune +-- resolve-from@2.0.0
127 silly idealTree:prePrune +-- resolve-url@0.2.1
127 silly idealTree:prePrune +-- rimraf@2.6.2
127 silly idealTree:prePrune +-- safe-buffer@5.1.1
127 silly idealTree:prePrune +-- semver-diff@2.1.0
127 silly idealTree:prePrune +-- semver@5.4.1
127 silly idealTree:prePrune +-- send@0.16.1
127 silly idealTree:prePrune +-- serve-static@1.13.1
127 silly idealTree:prePrune +-- set-blocking@2.0.0
127 silly idealTree:prePrune +-- set-getter@0.1.0
127 silly idealTree:prePrune +-- set-immediate-shim@1.0.1
127 silly idealTree:prePrune +-- set-value@2.0.0
127 silly idealTree:prePrune +-- setprototypeof@1.1.0
127 silly idealTree:prePrune +-- shebang-command@1.2.0
127 silly idealTree:prePrune +-- shebang-regex@1.0.0
127 silly idealTree:prePrune +-- signal-exit@3.0.2
127 silly idealTree:prePrune +-- snapdragon-node@2.1.1
127 silly idealTree:prePrune +-- snapdragon-util@3.0.1
127 silly idealTree:prePrune | `-- kind-of@3.2.2
127 silly idealTree:prePrune +-- snapdragon@0.8.1
127 silly idealTree:prePrune | +-- define-property@0.2.5
127 silly idealTree:prePrune | +-- is-accessor-descriptor@0.1.6
127 silly idealTree:prePrune | | `-- kind-of@3.2.2
127 silly idealTree:prePrune | +-- is-data-descriptor@0.1.4
127 silly idealTree:prePrune | | `-- kind-of@3.2.2
127 silly idealTree:prePrune | +-- is-descriptor@0.1.6
127 silly idealTree:prePrune | `-- kind-of@5.1.0
127 silly idealTree:prePrune +-- sntp@2.1.0
127 silly idealTree:prePrune +-- source-map-resolve@0.5.1
127 silly idealTree:prePrune +-- source-map-url@0.4.0
127 silly idealTree:prePrune +-- source-map@0.5.7
127 silly idealTree:prePrune +-- split-string@3.1.0
127 silly idealTree:prePrune | +-- extend-shallow@3.0.2
127 silly idealTree:prePrune | `-- is-extendable@1.0.1
127 silly idealTree:prePrune +-- split@0.3.3
127 silly idealTree:prePrune +-- sshpk@1.13.1
127 silly idealTree:prePrune +-- static-extend@0.1.2
127 silly idealTree:prePrune | +-- define-property@0.2.5
127 silly idealTree:prePrune | +-- is-accessor-descriptor@0.1.6
127 silly idealTree:prePrune | | `-- kind-of@3.2.2
127 silly idealTree:prePrune | +-- is-data-descriptor@0.1.4
127 silly idealTree:prePrune | | `-- kind-of@3.2.2
127 silly idealTree:prePrune | +-- is-descriptor@0.1.6
127 silly idealTree:prePrune | `-- kind-of@5.1.0
127 silly idealTree:prePrune +-- statuses@1.3.1
127 silly idealTree:prePrune +-- stream-combiner@0.0.4
127 silly idealTree:prePrune +-- string_decoder@1.0.3
127 silly idealTree:prePrune +-- string-width@1.0.2
127 silly idealTree:prePrune +-- stringstream@0.0.5
127 silly idealTree:prePrune +-- strip-ansi@3.0.1
127 silly idealTree:prePrune +-- strip-eof@1.0.0
127 silly idealTree:prePrune +-- strip-json-comments@2.0.1
127 silly idealTree:prePrune +-- supports-color@4.5.0
127 silly idealTree:prePrune +-- tar-pack@3.4.1
127 silly idealTree:prePrune +-- tar@2.2.1
127 silly idealTree:prePrune +-- term-size@1.2.0
127 silly idealTree:prePrune +-- through@2.3.8
127 silly idealTree:prePrune +-- timed-out@4.0.1
127 silly idealTree:prePrune +-- to-object-path@0.3.0
127 silly idealTree:prePrune | `-- kind-of@3.2.2
127 silly idealTree:prePrune +-- to-regex-range@2.1.1
127 silly idealTree:prePrune +-- to-regex@3.0.1
127 silly idealTree:prePrune | +-- define-property@0.2.5
127 silly idealTree:prePrune | +-- is-accessor-descriptor@0.1.6
127 silly idealTree:prePrune | | `-- kind-of@3.2.2
127 silly idealTree:prePrune | +-- is-data-descriptor@0.1.4
127 silly idealTree:prePrune | | `-- kind-of@3.2.2
127 silly idealTree:prePrune | +-- is-descriptor@0.1.6
127 silly idealTree:prePrune | `-- kind-of@5.1.0
127 silly idealTree:prePrune +-- touch@3.1.0
127 silly idealTree:prePrune | `-- nopt@1.0.10
127 silly idealTree:prePrune +-- tough-cookie@2.3.3
127 silly idealTree:prePrune +-- tunnel-agent@0.6.0
127 silly idealTree:prePrune +-- tweetnacl@0.14.5
127 silly idealTree:prePrune +-- type-is@1.6.15
127 silly idealTree:prePrune +-- uid-number@0.0.6
127 silly idealTree:prePrune +-- undefsafe@2.0.1
127 silly idealTree:prePrune +-- union-value@1.0.0
127 silly idealTree:prePrune | `-- set-value@0.4.3
127 silly idealTree:prePrune +-- unique-string@1.0.0
127 silly idealTree:prePrune +-- unpipe@1.0.0
127 silly idealTree:prePrune +-- unset-value@1.0.0
127 silly idealTree:prePrune | +-- has-value@0.3.1
127 silly idealTree:prePrune | | `-- isobject@2.1.0
127 silly idealTree:prePrune | `-- has-values@0.1.4
127 silly idealTree:prePrune +-- unzip-response@2.0.1
127 silly idealTree:prePrune +-- update-notifier@2.3.0
127 silly idealTree:prePrune +-- urix@0.1.0
127 silly idealTree:prePrune +-- url-parse-lax@1.0.0
127 silly idealTree:prePrune +-- use@2.0.2
127 silly idealTree:prePrune | +-- define-property@0.2.5
127 silly idealTree:prePrune | +-- is-accessor-descriptor@0.1.6
127 silly idealTree:prePrune | | `-- kind-of@3.2.2
127 silly idealTree:prePrune | +-- is-data-descriptor@0.1.4
127 silly idealTree:prePrune | | `-- kind-of@3.2.2
127 silly idealTree:prePrune | +-- is-descriptor@0.1.6
127 silly idealTree:prePrune | `-- kind-of@5.1.0
127 silly idealTree:prePrune +-- util-deprecate@1.0.2
127 silly idealTree:prePrune +-- utils-merge@1.0.1
127 silly idealTree:prePrune +-- uuid@3.2.1
127 silly idealTree:prePrune +-- validator@9.2.0
127 silly idealTree:prePrune +-- vary@1.1.2
127 silly idealTree:prePrune +-- verror@1.10.0
127 silly idealTree:prePrune +-- which@1.3.0
127 silly idealTree:prePrune +-- wide-align@1.1.2
127 silly idealTree:prePrune +-- widest-line@2.0.0
127 silly idealTree:prePrune | +-- ansi-regex@3.0.0
127 silly idealTree:prePrune | +-- is-fullwidth-code-point@2.0.0
127 silly idealTree:prePrune | +-- string-width@2.1.1
127 silly idealTree:prePrune | `-- strip-ansi@4.0.0
127 silly idealTree:prePrune +-- wrappy@1.0.2
127 silly idealTree:prePrune +-- write-file-atomic@2.3.0
127 silly idealTree:prePrune +-- xdg-basedir@3.0.0
127 silly idealTree:prePrune `-- yallist@2.1.2
128 silly loadIdealTree Finishing
129 silly currentTree bkserver@1.0.0
129 silly currentTree +-- abbrev@1.1.1
129 silly currentTree +-- accepts@1.3.4
129 silly currentTree +-- ajv@5.5.2
129 silly currentTree +-- ansi-align@2.0.0
129 silly currentTree | +-- ansi-regex@3.0.0
129 silly currentTree | +-- is-fullwidth-code-point@2.0.0
129 silly currentTree | +-- string-width@2.1.1
129 silly currentTree | `-- strip-ansi@4.0.0
129 silly currentTree +-- ansi-regex@2.1.1
129 silly currentTree +-- ansi-styles@3.2.0
129 silly currentTree +-- anymatch@2.0.0
129 silly currentTree +-- aproba@1.2.0
129 silly currentTree +-- are-we-there-yet@1.1.4
129 silly currentTree +-- arr-diff@4.0.0
129 silly currentTree +-- arr-flatten@1.1.0
129 silly currentTree +-- arr-union@3.1.0
129 silly currentTree +-- array-flatten@1.1.1
129 silly currentTree +-- array-unique@0.3.2
129 silly currentTree +-- asn1@0.2.3
129 silly currentTree +-- assert-plus@1.0.0
129 silly currentTree +-- assign-symbols@1.0.0
129 silly currentTree +-- async-each@1.0.1
129 silly currentTree +-- asynckit@0.4.0
129 silly currentTree +-- atob@2.0.3
129 silly currentTree +-- aws-sign2@0.7.0
129 silly currentTree +-- aws4@1.6.0
129 silly currentTree +-- balanced-match@1.0.0
129 silly currentTree +-- base@0.11.2
129 silly currentTree +-- bcrypt-nodejs@0.0.3
129 silly currentTree +-- bcrypt-pbkdf@1.0.1
129 silly currentTree +-- bcrypt@1.0.3
129 silly currentTree | `-- node-pre-gyp@0.6.36
129 silly currentTree +-- binary-extensions@1.11.0
129 silly currentTree +-- block-stream@0.0.9
129 silly currentTree +-- body-parser@1.18.2
129 silly currentTree +-- boom@4.3.1
129 silly currentTree +-- boxen@1.3.0
129 silly currentTree | +-- ansi-regex@3.0.0
129 silly currentTree | +-- is-fullwidth-code-point@2.0.0
129 silly currentTree | +-- string-width@2.1.1
129 silly currentTree | `-- strip-ansi@4.0.0
129 silly currentTree +-- brace-expansion@1.1.8
129 silly currentTree +-- braces@2.3.0
129 silly currentTree +-- bson@1.0.4
129 silly currentTree +-- bytes@3.0.0
129 silly currentTree +-- cache-base@1.0.1
129 silly currentTree +-- camelcase@4.1.0
129 silly currentTree +-- capture-stack-trace@1.0.0
129 silly currentTree +-- caseless@0.12.0
129 silly currentTree +-- chalk@2.3.0
129 silly currentTree +-- chokidar@2.0.0
129 silly currentTree +-- class-utils@0.3.6
129 silly currentTree | +-- define-property@0.2.5
129 silly currentTree | +-- is-accessor-descriptor@0.1.6
129 silly currentTree | | `-- kind-of@3.2.2
129 silly currentTree | +-- is-data-descriptor@0.1.4
129 silly currentTree | | `-- kind-of@3.2.2
129 silly currentTree | +-- is-descriptor@0.1.6
129 silly currentTree | `-- kind-of@5.1.0
129 silly currentTree +-- cli-boxes@1.0.0
129 silly currentTree +-- co@4.6.0
129 silly currentTree +-- code-point-at@1.1.0
129 silly currentTree +-- collection-visit@1.0.0
129 silly currentTree +-- color-convert@1.9.1
129 silly currentTree +-- color-name@1.1.3
129 silly currentTree +-- combined-stream@1.0.5
129 silly currentTree +-- component-emitter@1.2.1
129 silly currentTree +-- concat-map@0.0.1
129 silly currentTree +-- configstore@3.1.1
129 silly currentTree +-- console-control-strings@1.1.0
129 silly currentTree +-- content-disposition@0.5.2
129 silly currentTree +-- content-type@1.0.4
129 silly currentTree +-- cookie-signature@1.0.6
129 silly currentTree +-- cookie@0.3.1
129 silly currentTree +-- copy-descriptor@0.1.1
129 silly currentTree +-- core-util-is@1.0.2
129 silly currentTree +-- create-error-class@3.0.2
129 silly currentTree +-- cross-spawn@5.1.0
129 silly currentTree +-- cryptiles@3.1.2
129 silly currentTree | `-- boom@5.2.0
129 silly currentTree +-- crypto-random-string@1.0.0
129 silly currentTree +-- dashdash@1.14.1
129 silly currentTree +-- debug@2.6.9
129 silly currentTree +-- decode-uri-component@0.2.0
129 silly currentTree +-- deep-extend@0.4.2
129 silly currentTree +-- define-property@1.0.0
129 silly currentTree +-- delayed-stream@1.0.0
129 silly currentTree +-- delegates@1.0.0
129 silly currentTree +-- depd@1.1.1
129 silly currentTree +-- destroy@1.0.4
129 silly currentTree +-- dot-prop@4.2.0
129 silly currentTree +-- duplexer@0.1.1
129 silly currentTree +-- duplexer3@0.1.4
129 silly currentTree +-- ecc-jsbn@0.1.1
129 silly currentTree +-- ee-first@1.1.1
129 silly currentTree +-- encodeurl@1.0.1
129 silly currentTree +-- escape-html@1.0.3
129 silly currentTree +-- escape-string-regexp@1.0.5
129 silly currentTree +-- etag@1.8.1
129 silly currentTree +-- event-stream@3.3.4
129 silly currentTree +-- execa@0.7.0
129 silly currentTree +-- expand-brackets@2.1.4
129 silly currentTree | +-- define-property@0.2.5
129 silly currentTree | +-- is-accessor-descriptor@0.1.6
129 silly currentTree | | `-- kind-of@3.2.2
129 silly currentTree | +-- is-data-descriptor@0.1.4
129 silly currentTree | | `-- kind-of@3.2.2
129 silly currentTree | +-- is-descriptor@0.1.6
129 silly currentTree | `-- kind-of@5.1.0
129 silly currentTree +-- express@4.16.2
129 silly currentTree +-- extend-shallow@2.0.1
129 silly currentTree +-- extend@3.0.1
129 silly currentTree +-- extglob@2.0.4
129 silly currentTree +-- extsprintf@1.3.0
129 silly currentTree +-- fast-deep-equal@1.0.0
129 silly currentTree +-- fast-json-stable-stringify@2.0.0
129 silly currentTree +-- fill-range@4.0.0
129 silly currentTree +-- finalhandler@1.1.0
129 silly currentTree +-- for-in@1.0.2
129 silly currentTree +-- forever-agent@0.6.1
129 silly currentTree +-- form-data@2.3.1
129 silly currentTree +-- forwarded@0.1.2
129 silly currentTree +-- fragment-cache@0.2.1
129 silly currentTree +-- fresh@0.5.2
129 silly currentTree +-- from@0.1.7
129 silly currentTree +-- fs.realpath@1.0.0
129 silly currentTree +-- fstream-ignore@1.0.5
129 silly currentTree +-- fstream@1.0.11
129 silly currentTree +-- gauge@2.7.4
129 silly currentTree +-- get-stream@3.0.0
129 silly currentTree +-- get-value@2.0.6
129 silly currentTree +-- getpass@0.1.7
129 silly currentTree +-- glob-parent@3.1.0
129 silly currentTree | `-- is-glob@3.1.0
129 silly currentTree +-- glob@7.1.2
129 silly currentTree +-- global-dirs@0.1.1
129 silly currentTree +-- got@6.7.1
129 silly currentTree +-- graceful-fs@4.1.11
129 silly currentTree +-- har-schema@2.0.0
129 silly currentTree +-- har-validator@5.0.3
129 silly currentTree +-- has-flag@2.0.0
129 silly currentTree +-- has-unicode@2.0.1
129 silly currentTree +-- has-value@1.0.0
129 silly currentTree +-- has-values@1.0.0
129 silly currentTree | `-- kind-of@4.0.0
129 silly currentTree +-- hawk@6.0.2
129 silly currentTree +-- hoek@4.2.0
129 silly currentTree +-- http-errors@1.6.2
129 silly currentTree | `-- setprototypeof@1.0.3
129 silly currentTree +-- http-signature@1.2.0
129 silly currentTree +-- iconv-lite@0.4.19
129 silly currentTree +-- ignore-by-default@1.0.1
129 silly currentTree +-- import-lazy@2.1.0
129 silly currentTree +-- imurmurhash@0.1.4
129 silly currentTree +-- inflight@1.0.6
129 silly currentTree +-- inherits@2.0.3
129 silly currentTree +-- ini@1.3.5
129 silly currentTree +-- ipaddr.js@1.5.2
129 silly currentTree +-- is-accessor-descriptor@1.0.0
129 silly currentTree +-- is-binary-path@1.0.1
129 silly currentTree +-- is-buffer@1.1.6
129 silly currentTree +-- is-data-descriptor@1.0.0
129 silly currentTree +-- is-descriptor@1.0.2
129 silly currentTree +-- is-extendable@0.1.1
129 silly currentTree +-- is-extglob@2.1.1
129 silly currentTree +-- is-fullwidth-code-point@1.0.0
129 silly currentTree +-- is-glob@4.0.0
129 silly currentTree +-- is-installed-globally@0.1.0
129 silly currentTree +-- is-npm@1.0.0
129 silly currentTree +-- is-number@3.0.0
129 silly currentTree | `-- kind-of@3.2.2
129 silly currentTree +-- is-obj@1.0.1
129 silly currentTree +-- is-odd@1.0.0
129 silly currentTree +-- is-path-inside@1.0.1
129 silly currentTree +-- is-plain-object@2.0.4
129 silly currentTree +-- is-redirect@1.0.0
129 silly currentTree +-- is-retry-allowed@1.1.0
129 silly currentTree +-- is-stream@1.1.0
129 silly currentTree +-- is-typedarray@1.0.0
129 silly currentTree +-- isarray@1.0.0
129 silly currentTree +-- isexe@2.0.0
129 silly currentTree +-- isobject@3.0.1
129 silly currentTree +-- isstream@0.1.2
129 silly currentTree +-- jsbn@0.1.1
129 silly currentTree +-- json-schema-traverse@0.3.1
129 silly currentTree +-- json-schema@0.2.3
129 silly currentTree +-- json-stringify-safe@5.0.1
129 silly currentTree +-- jsprim@1.4.1
129 silly currentTree +-- kind-of@6.0.2
129 silly currentTree +-- latest-version@3.1.0
129 silly currentTree +-- lazy-cache@2.0.2
129 silly currentTree +-- lowercase-keys@1.0.0
129 silly currentTree +-- lru-cache@4.1.1
129 silly currentTree +-- make-dir@1.1.0
129 silly currentTree +-- map-cache@0.2.2
129 silly currentTree +-- map-stream@0.1.0
129 silly currentTree +-- map-visit@1.0.0
129 silly currentTree +-- media-typer@0.3.0
129 silly currentTree +-- merge-descriptors@1.0.1
129 silly currentTree +-- methods@1.1.2
129 silly currentTree +-- micromatch@3.1.5
129 silly currentTree +-- mime-db@1.30.0
129 silly currentTree +-- mime-types@2.1.17
129 silly currentTree +-- mime@1.4.1
129 silly currentTree +-- minimatch@3.0.4
129 silly currentTree +-- minimist@0.0.8
129 silly currentTree +-- mixin-deep@1.3.0
129 silly currentTree | `-- is-extendable@1.0.1
129 silly currentTree +-- mkdirp@0.5.1
129 silly currentTree +-- mongodb-core@3.0.1
129 silly currentTree +-- mongodb@3.0.1
129 silly currentTree +-- ms@2.0.0
129 silly currentTree +-- nan@2.6.2
129 silly currentTree +-- nanomatch@1.2.7
129 silly currentTree | `-- kind-of@5.1.0
129 silly currentTree +-- negotiator@0.6.1
129 silly currentTree +-- node-pre-gyp
129 silly currentTree +-- nodejs@0.0.0
129 silly currentTree +-- nodemon@1.14.11
129 silly currentTree | `-- debug@3.1.0
129 silly currentTree +-- nopt@4.0.1
129 silly currentTree +-- normalize-path@2.1.1
129 silly currentTree +-- npm-run-path@2.0.2
129 silly currentTree +-- npmlog@4.1.2
129 silly currentTree +-- number-is-nan@1.0.1
129 silly currentTree +-- oauth-sign@0.8.2
129 silly currentTree +-- object-assign@4.1.1
129 silly currentTree +-- object-copy@0.1.0
129 silly currentTree | +-- define-property@0.2.5
129 silly currentTree | +-- is-accessor-descriptor@0.1.6
129 silly currentTree | +-- is-data-descriptor@0.1.4
129 silly currentTree | +-- is-descriptor@0.1.6
129 silly currentTree | | `-- kind-of@5.1.0
129 silly currentTree | `-- kind-of@3.2.2
129 silly currentTree +-- object-visit@1.0.1
129 silly currentTree +-- object.pick@1.3.0
129 silly currentTree +-- on-finished@2.3.0
129 silly currentTree +-- once@1.4.0
129 silly currentTree +-- os-homedir@1.0.2
129 silly currentTree +-- os-tmpdir@1.0.2
129 silly currentTree +-- osenv@0.1.4
129 silly currentTree +-- p-finally@1.0.0
129 silly currentTree +-- package-json@4.0.1
129 silly currentTree +-- parseurl@1.3.2
129 silly currentTree +-- pascalcase@0.1.1
129 silly currentTree +-- path-dirname@1.0.2
129 silly currentTree +-- path-is-absolute@1.0.1
129 silly currentTree +-- path-is-inside@1.0.2
129 silly currentTree +-- path-key@2.0.1
129 silly currentTree +-- path-to-regexp@0.1.7
129 silly currentTree +-- pause-stream@0.0.11
129 silly currentTree +-- performance-now@2.1.0
129 silly currentTree +-- pify@3.0.0
129 silly currentTree +-- posix-character-classes@0.1.1
129 silly currentTree +-- prepend-http@1.0.4
129 silly currentTree +-- process-nextick-args@1.0.7
129 silly currentTree +-- proxy-addr@2.0.2
129 silly currentTree +-- ps-tree@1.1.0
129 silly currentTree +-- pseudomap@1.0.2
129 silly currentTree +-- pstree.remy@1.1.0
129 silly currentTree +-- punycode@1.4.1
129 silly currentTree +-- qs@6.5.1
129 silly currentTree +-- range-parser@1.2.0
129 silly currentTree +-- raw-body@2.3.2
129 silly currentTree +-- rc@1.2.4
129 silly currentTree | `-- minimist@1.2.0
129 silly currentTree +-- readable-stream@2.3.3
129 silly currentTree +-- readdirp@2.1.0
129 silly currentTree +-- regex-not@1.0.0
129 silly currentTree +-- registry-auth-token@3.3.1
129 silly currentTree +-- registry-url@3.1.0
129 silly currentTree +-- remove-trailing-separator@1.1.0
129 silly currentTree +-- repeat-element@1.1.2
129 silly currentTree +-- repeat-string@1.6.1
129 silly currentTree +-- request@2.83.0
129 silly currentTree +-- require_optional@1.0.1
129 silly currentTree +-- resolve-from@2.0.0
129 silly currentTree +-- resolve-url@0.2.1
129 silly currentTree +-- rimraf@2.6.2
129 silly currentTree +-- safe-buffer@5.1.1
129 silly currentTree +-- semver-diff@2.1.0
129 silly currentTree +-- semver@5.4.1
129 silly currentTree +-- send@0.16.1
129 silly currentTree +-- serve-static@1.13.1
129 silly currentTree +-- set-blocking@2.0.0
129 silly currentTree +-- set-getter@0.1.0
129 silly currentTree +-- set-immediate-shim@1.0.1
129 silly currentTree +-- set-value@2.0.0
129 silly currentTree +-- setprototypeof@1.1.0
129 silly currentTree +-- shebang-command@1.2.0
129 silly currentTree +-- shebang-regex@1.0.0
129 silly currentTree +-- signal-exit@3.0.2
129 silly currentTree +-- snapdragon-node@2.1.1
129 silly currentTree +-- snapdragon-util@3.0.1
129 silly currentTree | `-- kind-of@3.2.2
129 silly currentTree +-- snapdragon@0.8.1
129 silly currentTree | +-- define-property@0.2.5
129 silly currentTree | +-- is-accessor-descriptor@0.1.6
129 silly currentTree | | `-- kind-of@3.2.2
129 silly currentTree | +-- is-data-descriptor@0.1.4
129 silly currentTree | | `-- kind-of@3.2.2
129 silly currentTree | +-- is-descriptor@0.1.6
129 silly currentTree | `-- kind-of@5.1.0
129 silly currentTree +-- sntp@2.1.0
129 silly currentTree +-- source-map-resolve@0.5.1
129 silly currentTree +-- source-map-url@0.4.0
129 silly currentTree +-- source-map@0.5.7
129 silly currentTree +-- split-string@3.1.0
129 silly currentTree | +-- extend-shallow@3.0.2
129 silly currentTree | `-- is-extendable@1.0.1
129 silly currentTree +-- split@0.3.3
129 silly currentTree +-- sshpk@1.13.1
129 silly currentTree +-- static-extend@0.1.2
129 silly currentTree | +-- define-property@0.2.5
129 silly currentTree | +-- is-accessor-descriptor@0.1.6
129 silly currentTree | | `-- kind-of@3.2.2
129 silly currentTree | +-- is-data-descriptor@0.1.4
129 silly currentTree | | `-- kind-of@3.2.2
129 silly currentTree | +-- is-descriptor@0.1.6
129 silly currentTree | `-- kind-of@5.1.0
129 silly currentTree +-- statuses@1.3.1
129 silly currentTree +-- stream-combiner@0.0.4
129 silly currentTree +-- string_decoder@1.0.3
129 silly currentTree +-- string-width@1.0.2
129 silly currentTree +-- stringstream@0.0.5
129 silly currentTree +-- strip-ansi@3.0.1
129 silly currentTree +-- strip-eof@1.0.0
129 silly currentTree +-- strip-json-comments@2.0.1
129 silly currentTree +-- supports-color@4.5.0
129 silly currentTree +-- tar-pack@3.4.1
129 silly currentTree +-- tar@2.2.1
129 silly currentTree +-- term-size@1.2.0
129 silly currentTree +-- through@2.3.8
129 silly currentTree +-- timed-out@4.0.1
129 silly currentTree +-- to-object-path@0.3.0
129 silly currentTree | `-- kind-of@3.2.2
129 silly currentTree +-- to-regex-range@2.1.1
129 silly currentTree +-- to-regex@3.0.1
129 silly currentTree | +-- define-property@0.2.5
129 silly currentTree | +-- is-accessor-descriptor@0.1.6
129 silly currentTree | | `-- kind-of@3.2.2
129 silly currentTree | +-- is-data-descriptor@0.1.4
129 silly currentTree | | `-- kind-of@3.2.2
129 silly currentTree | +-- is-descriptor@0.1.6
129 silly currentTree | `-- kind-of@5.1.0
129 silly currentTree +-- touch@3.1.0
129 silly currentTree | `-- nopt@1.0.10
129 silly currentTree +-- tough-cookie@2.3.3
129 silly currentTree +-- tunnel-agent@0.6.0
129 silly currentTree +-- tweetnacl@0.14.5
129 silly currentTree +-- type-is@1.6.15
129 silly currentTree +-- uid-number@0.0.6
129 silly currentTree +-- undefsafe@2.0.1
129 silly currentTree +-- union-value@1.0.0
129 silly currentTree | `-- set-value@0.4.3
129 silly currentTree +-- unique-string@1.0.0
129 silly currentTree +-- unpipe@1.0.0
129 silly currentTree +-- unset-value@1.0.0
129 silly currentTree | +-- has-value@0.3.1
129 silly currentTree | | `-- isobject@2.1.0
129 silly currentTree | `-- has-values@0.1.4
129 silly currentTree +-- unzip-response@2.0.1
129 silly currentTree +-- update-notifier@2.3.0
129 silly currentTree +-- urix@0.1.0
129 silly currentTree +-- url-parse-lax@1.0.0
129 silly currentTree +-- use@2.0.2
129 silly currentTree | +-- define-property@0.2.5
129 silly currentTree | +-- is-accessor-descriptor@0.1.6
129 silly currentTree | | `-- kind-of@3.2.2
129 silly currentTree | +-- is-data-descriptor@0.1.4
129 silly currentTree | | `-- kind-of@3.2.2
129 silly currentTree | +-- is-descriptor@0.1.6
129 silly currentTree | `-- kind-of@5.1.0
129 silly currentTree +-- util-deprecate@1.0.2
129 silly currentTree +-- utils-merge@1.0.1
129 silly currentTree +-- uuid@3.2.1
129 silly currentTree +-- validator@9.2.0
129 silly currentTree +-- vary@1.1.2
129 silly currentTree +-- verror@1.10.0
129 silly currentTree +-- which@1.3.0
129 silly currentTree +-- wide-align@1.1.2
129 silly currentTree +-- widest-line@2.0.0
129 silly currentTree | +-- ansi-regex@3.0.0
129 silly currentTree | +-- is-fullwidth-code-point@2.0.0
129 silly currentTree | +-- string-width@2.1.1
129 silly currentTree | `-- strip-ansi@4.0.0
129 silly currentTree +-- wrappy@1.0.2
129 silly currentTree +-- write-file-atomic@2.3.0
129 silly currentTree +-- xdg-basedir@3.0.0
129 silly currentTree `-- yallist@2.1.2
130 silly idealTree bkserver@1.0.0
130 silly idealTree +-- abbrev@1.1.1
130 silly idealTree +-- accepts@1.3.4
130 silly idealTree +-- ajv@5.5.2
130 silly idealTree +-- ansi-align@2.0.0
130 silly idealTree | +-- ansi-regex@3.0.0
130 silly idealTree | +-- is-fullwidth-code-point@2.0.0
130 silly idealTree | +-- string-width@2.1.1
130 silly idealTree | `-- strip-ansi@4.0.0
130 silly idealTree +-- ansi-regex@2.1.1
130 silly idealTree +-- ansi-styles@3.2.0
130 silly idealTree +-- anymatch@2.0.0
130 silly idealTree +-- aproba@1.2.0
130 silly idealTree +-- are-we-there-yet@1.1.4
130 silly idealTree +-- arr-diff@4.0.0
130 silly idealTree +-- arr-flatten@1.1.0
130 silly idealTree +-- arr-union@3.1.0
130 silly idealTree +-- array-flatten@1.1.1
130 silly idealTree +-- array-unique@0.3.2
130 silly idealTree +-- asn1@0.2.3
130 silly idealTree +-- assert-plus@1.0.0
130 silly idealTree +-- assign-symbols@1.0.0
130 silly idealTree +-- async-each@1.0.1
130 silly idealTree +-- asynckit@0.4.0
130 silly idealTree +-- atob@2.0.3
130 silly idealTree +-- aws-sign2@0.7.0
130 silly idealTree +-- aws4@1.6.0
130 silly idealTree +-- balanced-match@1.0.0
130 silly idealTree +-- base@0.11.2
130 silly idealTree +-- bcrypt-nodejs@0.0.3
130 silly idealTree +-- bcrypt-pbkdf@1.0.1
130 silly idealTree +-- bcrypt@1.0.3
130 silly idealTree | `-- node-pre-gyp@0.6.36
130 silly idealTree +-- binary-extensions@1.11.0
130 silly idealTree +-- block-stream@0.0.9
130 silly idealTree +-- body-parser@1.18.2
130 silly idealTree +-- boom@4.3.1
130 silly idealTree +-- boxen@1.3.0
130 silly idealTree | +-- ansi-regex@3.0.0
130 silly idealTree | +-- is-fullwidth-code-point@2.0.0
130 silly idealTree | +-- string-width@2.1.1
130 silly idealTree | `-- strip-ansi@4.0.0
130 silly idealTree +-- brace-expansion@1.1.8
130 silly idealTree +-- braces@2.3.0
130 silly idealTree +-- bson@1.0.4
130 silly idealTree +-- bytes@3.0.0
130 silly idealTree +-- cache-base@1.0.1
130 silly idealTree +-- camelcase@4.1.0
130 silly idealTree +-- capture-stack-trace@1.0.0
130 silly idealTree +-- caseless@0.12.0
130 silly idealTree +-- chalk@2.3.0
130 silly idealTree +-- chokidar@2.0.0
130 silly idealTree +-- class-utils@0.3.6
130 silly idealTree | +-- define-property@0.2.5
130 silly idealTree | +-- is-accessor-descriptor@0.1.6
130 silly idealTree | | `-- kind-of@3.2.2
130 silly idealTree | +-- is-data-descriptor@0.1.4
130 silly idealTree | | `-- kind-of@3.2.2
130 silly idealTree | +-- is-descriptor@0.1.6
130 silly idealTree | `-- kind-of@5.1.0
130 silly idealTree +-- cli-boxes@1.0.0
130 silly idealTree +-- co@4.6.0
130 silly idealTree +-- code-point-at@1.1.0
130 silly idealTree +-- collection-visit@1.0.0
130 silly idealTree +-- color-convert@1.9.1
130 silly idealTree +-- color-name@1.1.3
130 silly idealTree +-- combined-stream@1.0.5
130 silly idealTree +-- component-emitter@1.2.1
130 silly idealTree +-- concat-map@0.0.1
130 silly idealTree +-- configstore@3.1.1
130 silly idealTree +-- console-control-strings@1.1.0
130 silly idealTree +-- content-disposition@0.5.2
130 silly idealTree +-- content-type@1.0.4
130 silly idealTree +-- cookie-signature@1.0.6
130 silly idealTree +-- cookie@0.3.1
130 silly idealTree +-- copy-descriptor@0.1.1
130 silly idealTree +-- core-util-is@1.0.2
130 silly idealTree +-- create-error-class@3.0.2
130 silly idealTree +-- cross-spawn@5.1.0
130 silly idealTree +-- cryptiles@3.1.2
130 silly idealTree | `-- boom@5.2.0
130 silly idealTree +-- crypto-random-string@1.0.0
130 silly idealTree +-- dashdash@1.14.1
130 silly idealTree +-- debug@2.6.9
130 silly idealTree +-- decode-uri-component@0.2.0
130 silly idealTree +-- deep-extend@0.4.2
130 silly idealTree +-- define-property@1.0.0
130 silly idealTree +-- delayed-stream@1.0.0
130 silly idealTree +-- delegates@1.0.0
130 silly idealTree +-- depd@1.1.1
130 silly idealTree +-- destroy@1.0.4
130 silly idealTree +-- dot-prop@4.2.0
130 silly idealTree +-- duplexer@0.1.1
130 silly idealTree +-- duplexer3@0.1.4
130 silly idealTree +-- ecc-jsbn@0.1.1
130 silly idealTree +-- ee-first@1.1.1
130 silly idealTree +-- encodeurl@1.0.1
130 silly idealTree +-- escape-html@1.0.3
130 silly idealTree +-- escape-string-regexp@1.0.5
130 silly idealTree +-- etag@1.8.1
130 silly idealTree +-- event-stream@3.3.4
130 silly idealTree +-- execa@0.7.0
130 silly idealTree +-- expand-brackets@2.1.4
130 silly idealTree | +-- define-property@0.2.5
130 silly idealTree | +-- is-accessor-descriptor@0.1.6
130 silly idealTree | | `-- kind-of@3.2.2
130 silly idealTree | +-- is-data-descriptor@0.1.4
130 silly idealTree | | `-- kind-of@3.2.2
130 silly idealTree | +-- is-descriptor@0.1.6
130 silly idealTree | `-- kind-of@5.1.0
130 silly idealTree +-- express@4.16.2
130 silly idealTree +-- extend-shallow@2.0.1
130 silly idealTree +-- extend@3.0.1
130 silly idealTree +-- extglob@2.0.4
130 silly idealTree +-- extsprintf@1.3.0
130 silly idealTree +-- fast-deep-equal@1.0.0
130 silly idealTree +-- fast-json-stable-stringify@2.0.0
130 silly idealTree +-- fill-range@4.0.0
130 silly idealTree +-- finalhandler@1.1.0
130 silly idealTree +-- for-in@1.0.2
130 silly idealTree +-- forever-agent@0.6.1
130 silly idealTree +-- form-data@2.3.1
130 silly idealTree +-- forwarded@0.1.2
130 silly idealTree +-- fragment-cache@0.2.1
130 silly idealTree +-- fresh@0.5.2
130 silly idealTree +-- from@0.1.7
130 silly idealTree +-- fs.realpath@1.0.0
130 silly idealTree +-- fstream-ignore@1.0.5
130 silly idealTree +-- fstream@1.0.11
130 silly idealTree +-- gauge@2.7.4
130 silly idealTree +-- get-stream@3.0.0
130 silly idealTree +-- get-value@2.0.6
130 silly idealTree +-- getpass@0.1.7
130 silly idealTree +-- glob-parent@3.1.0
130 silly idealTree | `-- is-glob@3.1.0
130 silly idealTree +-- glob@7.1.2
130 silly idealTree +-- global-dirs@0.1.1
130 silly idealTree +-- got@6.7.1
130 silly idealTree +-- graceful-fs@4.1.11
130 silly idealTree +-- har-schema@2.0.0
130 silly idealTree +-- har-validator@5.0.3
130 silly idealTree +-- has-flag@2.0.0
130 silly idealTree +-- has-unicode@2.0.1
130 silly idealTree +-- has-value@1.0.0
130 silly idealTree +-- has-values@1.0.0
130 silly idealTree | `-- kind-of@4.0.0
130 silly idealTree +-- hawk@6.0.2
130 silly idealTree +-- hoek@4.2.0
130 silly idealTree +-- http-errors@1.6.2
130 silly idealTree | `-- setprototypeof@1.0.3
130 silly idealTree +-- http-signature@1.2.0
130 silly idealTree +-- iconv-lite@0.4.19
130 silly idealTree +-- ignore-by-default@1.0.1
130 silly idealTree +-- import-lazy@2.1.0
130 silly idealTree +-- imurmurhash@0.1.4
130 silly idealTree +-- inflight@1.0.6
130 silly idealTree +-- inherits@2.0.3
130 silly idealTree +-- ini@1.3.5
130 silly idealTree +-- ipaddr.js@1.5.2
130 silly idealTree +-- is-accessor-descriptor@1.0.0
130 silly idealTree +-- is-binary-path@1.0.1
130 silly idealTree +-- is-buffer@1.1.6
130 silly idealTree +-- is-data-descriptor@1.0.0
130 silly idealTree +-- is-descriptor@1.0.2
130 silly idealTree +-- is-extendable@0.1.1
130 silly idealTree +-- is-extglob@2.1.1
130 silly idealTree +-- is-fullwidth-code-point@1.0.0
130 silly idealTree +-- is-glob@4.0.0
130 silly idealTree +-- is-installed-globally@0.1.0
130 silly idealTree +-- is-npm@1.0.0
130 silly idealTree +-- is-number@3.0.0
130 silly idealTree | `-- kind-of@3.2.2
130 silly idealTree +-- is-obj@1.0.1
130 silly idealTree +-- is-odd@1.0.0
130 silly idealTree +-- is-path-inside@1.0.1
130 silly idealTree +-- is-plain-object@2.0.4
130 silly idealTree +-- is-redirect@1.0.0
130 silly idealTree +-- is-retry-allowed@1.1.0
130 silly idealTree +-- is-stream@1.1.0
130 silly idealTree +-- is-typedarray@1.0.0
130 silly idealTree +-- isarray@1.0.0
130 silly idealTree +-- isexe@2.0.0
130 silly idealTree +-- isobject@3.0.1
130 silly idealTree +-- isstream@0.1.2
130 silly idealTree +-- jsbn@0.1.1
130 silly idealTree +-- json-schema-traverse@0.3.1
130 silly idealTree +-- json-schema@0.2.3
130 silly idealTree +-- json-stringify-safe@5.0.1
130 silly idealTree +-- jsprim@1.4.1
130 silly idealTree +-- kind-of@6.0.2
130 silly idealTree +-- latest-version@3.1.0
130 silly idealTree +-- lazy-cache@2.0.2
130 silly idealTree +-- lowercase-keys@1.0.0
130 silly idealTree +-- lru-cache@4.1.1
130 silly idealTree +-- make-dir@1.1.0
130 silly idealTree +-- map-cache@0.2.2
130 silly idealTree +-- map-stream@0.1.0
130 silly idealTree +-- map-visit@1.0.0
130 silly idealTree +-- media-typer@0.3.0
130 silly idealTree +-- merge-descriptors@1.0.1
130 silly idealTree +-- methods@1.1.2
130 silly idealTree +-- micromatch@3.1.5
130 silly idealTree +-- mime-db@1.30.0
130 silly idealTree +-- mime-types@2.1.17
130 silly idealTree +-- mime@1.4.1
130 silly idealTree +-- minimatch@3.0.4
130 silly idealTree +-- minimist@0.0.8
130 silly idealTree +-- mixin-deep@1.3.0
130 silly idealTree | `-- is-extendable@1.0.1
130 silly idealTree +-- mkdirp@0.5.1
130 silly idealTree +-- mongodb-core@3.0.1
130 silly idealTree +-- mongodb@3.0.1
130 silly idealTree +-- ms@2.0.0
130 silly idealTree +-- nan@2.6.2
130 silly idealTree +-- nanomatch@1.2.7
130 silly idealTree | `-- kind-of@5.1.0
130 silly idealTree +-- negotiator@0.6.1
130 silly idealTree +-- node-bin-setup@1.0.6
130 silly idealTree +-- node-pre-gyp
130 silly idealTree +-- node@9.4.0
130 silly idealTree +-- nodejs@0.0.0
130 silly idealTree +-- nodemon@1.14.11
130 silly idealTree | `-- debug@3.1.0
130 silly idealTree +-- nopt@4.0.1
130 silly idealTree +-- normalize-path@2.1.1
130 silly idealTree +-- npm-run-path@2.0.2
130 silly idealTree +-- npmlog@4.1.2
130 silly idealTree +-- number-is-nan@1.0.1
130 silly idealTree +-- oauth-sign@0.8.2
130 silly idealTree +-- object-assign@4.1.1
130 silly idealTree +-- object-copy@0.1.0
130 silly idealTree | +-- define-property@0.2.5
130 silly idealTree | +-- is-accessor-descriptor@0.1.6
130 silly idealTree | +-- is-data-descriptor@0.1.4
130 silly idealTree | +-- is-descriptor@0.1.6
130 silly idealTree | | `-- kind-of@5.1.0
130 silly idealTree | `-- kind-of@3.2.2
130 silly idealTree +-- object-visit@1.0.1
130 silly idealTree +-- object.pick@1.3.0
130 silly idealTree +-- on-finished@2.3.0
130 silly idealTree +-- once@1.4.0
130 silly idealTree +-- os-homedir@1.0.2
130 silly idealTree +-- os-tmpdir@1.0.2
130 silly idealTree +-- osenv@0.1.4
130 silly idealTree +-- p-finally@1.0.0
130 silly idealTree +-- package-json@4.0.1
130 silly idealTree +-- parseurl@1.3.2
130 silly idealTree +-- pascalcase@0.1.1
130 silly idealTree +-- path-dirname@1.0.2
130 silly idealTree +-- path-is-absolute@1.0.1
130 silly idealTree +-- path-is-inside@1.0.2
130 silly idealTree +-- path-key@2.0.1
130 silly idealTree +-- path-to-regexp@0.1.7
130 silly idealTree +-- pause-stream@0.0.11
130 silly idealTree +-- performance-now@2.1.0
130 silly idealTree +-- pify@3.0.0
130 silly idealTree +-- posix-character-classes@0.1.1
130 silly idealTree +-- prepend-http@1.0.4
130 silly idealTree +-- process-nextick-args@1.0.7
130 silly idealTree +-- proxy-addr@2.0.2
130 silly idealTree +-- ps-tree@1.1.0
130 silly idealTree +-- pseudomap@1.0.2
130 silly idealTree +-- pstree.remy@1.1.0
130 silly idealTree +-- punycode@1.4.1
130 silly idealTree +-- qs@6.5.1
130 silly idealTree +-- range-parser@1.2.0
130 silly idealTree +-- raw-body@2.3.2
130 silly idealTree +-- rc@1.2.4
130 silly idealTree | `-- minimist@1.2.0
130 silly idealTree +-- readable-stream@2.3.3
130 silly idealTree +-- readdirp@2.1.0
130 silly idealTree +-- regex-not@1.0.0
130 silly idealTree +-- registry-auth-token@3.3.1
130 silly idealTree +-- registry-url@3.1.0
130 silly idealTree +-- remove-trailing-separator@1.1.0
130 silly idealTree +-- repeat-element@1.1.2
130 silly idealTree +-- repeat-string@1.6.1
130 silly idealTree +-- request@2.83.0
130 silly idealTree +-- require_optional@1.0.1
130 silly idealTree +-- resolve-from@2.0.0
130 silly idealTree +-- resolve-url@0.2.1
130 silly idealTree +-- rimraf@2.6.2
130 silly idealTree +-- safe-buffer@5.1.1
130 silly idealTree +-- semver-diff@2.1.0
130 silly idealTree +-- semver@5.4.1
130 silly idealTree +-- send@0.16.1
130 silly idealTree +-- serve-static@1.13.1
130 silly idealTree +-- set-blocking@2.0.0
130 silly idealTree +-- set-getter@0.1.0
130 silly idealTree +-- set-immediate-shim@1.0.1
130 silly idealTree +-- set-value@2.0.0
130 silly idealTree +-- setprototypeof@1.1.0
130 silly idealTree +-- shebang-command@1.2.0
130 silly idealTree +-- shebang-regex@1.0.0
130 silly idealTree +-- signal-exit@3.0.2
130 silly idealTree +-- snapdragon-node@2.1.1
130 silly idealTree +-- snapdragon-util@3.0.1
130 silly idealTree | `-- kind-of@3.2.2
130 silly idealTree +-- snapdragon@0.8.1
130 silly idealTree | +-- define-property@0.2.5
130 silly idealTree | +-- is-accessor-descriptor@0.1.6
130 silly idealTree | | `-- kind-of@3.2.2
130 silly idealTree | +-- is-data-descriptor@0.1.4
130 silly idealTree | | `-- kind-of@3.2.2
130 silly idealTree | +-- is-descriptor@0.1.6
130 silly idealTree | `-- kind-of@5.1.0
130 silly idealTree +-- sntp@2.1.0
130 silly idealTree +-- source-map-resolve@0.5.1
130 silly idealTree +-- source-map-url@0.4.0
130 silly idealTree +-- source-map@0.5.7
130 silly idealTree +-- split-string@3.1.0
130 silly idealTree | +-- extend-shallow@3.0.2
130 silly idealTree | `-- is-extendable@1.0.1
130 silly idealTree +-- split@0.3.3
130 silly idealTree +-- sshpk@1.13.1
130 silly idealTree +-- static-extend@0.1.2
130 silly idealTree | +-- define-property@0.2.5
130 silly idealTree | +-- is-accessor-descriptor@0.1.6
130 silly idealTree | | `-- kind-of@3.2.2
130 silly idealTree | +-- is-data-descriptor@0.1.4
130 silly idealTree | | `-- kind-of@3.2.2
130 silly idealTree | +-- is-descriptor@0.1.6
130 silly idealTree | `-- kind-of@5.1.0
130 silly idealTree +-- statuses@1.3.1
130 silly idealTree +-- stream-combiner@0.0.4
130 silly idealTree +-- string_decoder@1.0.3
130 silly idealTree +-- string-width@1.0.2
130 silly idealTree +-- stringstream@0.0.5
130 silly idealTree +-- strip-ansi@3.0.1
130 silly idealTree +-- strip-eof@1.0.0
130 silly idealTree +-- strip-json-comments@2.0.1
130 silly idealTree +-- supports-color@4.5.0
130 silly idealTree +-- tar-pack@3.4.1
130 silly idealTree +-- tar@2.2.1
130 silly idealTree +-- term-size@1.2.0
130 silly idealTree +-- through@2.3.8
130 silly idealTree +-- timed-out@4.0.1
130 silly idealTree +-- to-object-path@0.3.0
130 silly idealTree | `-- kind-of@3.2.2
130 silly idealTree +-- to-regex-range@2.1.1
130 silly idealTree +-- to-regex@3.0.1
130 silly idealTree | +-- define-property@0.2.5
130 silly idealTree | +-- is-accessor-descriptor@0.1.6
130 silly idealTree | | `-- kind-of@3.2.2
130 silly idealTree | +-- is-data-descriptor@0.1.4
130 silly idealTree | | `-- kind-of@3.2.2
130 silly idealTree | +-- is-descriptor@0.1.6
130 silly idealTree | `-- kind-of@5.1.0
130 silly idealTree +-- touch@3.1.0
130 silly idealTree | `-- nopt@1.0.10
130 silly idealTree +-- tough-cookie@2.3.3
130 silly idealTree +-- tunnel-agent@0.6.0
130 silly idealTree +-- tweetnacl@0.14.5
130 silly idealTree +-- type-is@1.6.15
130 silly idealTree +-- uid-number@0.0.6
130 silly idealTree +-- undefsafe@2.0.1
130 silly idealTree +-- union-value@1.0.0
130 silly idealTree | `-- set-value@0.4.3
130 silly idealTree +-- unique-string@1.0.0
130 silly idealTree +-- unpipe@1.0.0
130 silly idealTree +-- unset-value@1.0.0
130 silly idealTree | +-- has-value@0.3.1
130 silly idealTree | | `-- isobject@2.1.0
130 silly idealTree | `-- has-values@0.1.4
130 silly idealTree +-- unzip-response@2.0.1
130 silly idealTree +-- update-notifier@2.3.0
130 silly idealTree +-- urix@0.1.0
130 silly idealTree +-- url-parse-lax@1.0.0
130 silly idealTree +-- use@2.0.2
130 silly idealTree | +-- define-property@0.2.5
130 silly idealTree | +-- is-accessor-descriptor@0.1.6
130 silly idealTree | | `-- kind-of@3.2.2
130 silly idealTree | +-- is-data-descriptor@0.1.4
130 silly idealTree | | `-- kind-of@3.2.2
130 silly idealTree | +-- is-descriptor@0.1.6
130 silly idealTree | `-- kind-of@5.1.0
130 silly idealTree +-- util-deprecate@1.0.2
130 silly idealTree +-- utils-merge@1.0.1
130 silly idealTree +-- uuid@3.2.1
130 silly idealTree +-- validator@9.2.0
130 silly idealTree +-- vary@1.1.2
130 silly idealTree +-- verror@1.10.0
130 silly idealTree +-- which@1.3.0
130 silly idealTree +-- wide-align@1.1.2
130 silly idealTree +-- widest-line@2.0.0
130 silly idealTree | +-- ansi-regex@3.0.0
130 silly idealTree | +-- is-fullwidth-code-point@2.0.0
130 silly idealTree | +-- string-width@2.1.1
130 silly idealTree | `-- strip-ansi@4.0.0
130 silly idealTree +-- wrappy@1.0.2
130 silly idealTree +-- write-file-atomic@2.3.0
130 silly idealTree +-- xdg-basedir@3.0.0
130 silly idealTree `-- yallist@2.1.2
131 silly generateActionsToTake Starting
132 silly install generateActionsToTake
133 silly generateActionsToTake Finishing
134 silly diffTrees action count 5
135 silly diffTrees add node-bin-setup@1.0.6
136 silly diffTrees update bcrypt@1.0.3
137 silly diffTrees update bcrypt-nodejs@0.0.3
138 silly diffTrees add node@9.4.0
139 silly diffTrees update nodejs@0.0.0
140 silly decomposeActions action count 40
141 silly decomposeActions fetch node-bin-setup@1.0.6
142 silly decomposeActions extract node-bin-setup@1.0.6
143 silly decomposeActions test node-bin-setup@1.0.6
144 silly decomposeActions preinstall node-bin-setup@1.0.6
145 silly decomposeActions build node-bin-setup@1.0.6
146 silly decomposeActions install node-bin-setup@1.0.6
147 silly decomposeActions postinstall node-bin-setup@1.0.6
148 silly decomposeActions finalize node-bin-setup@1.0.6
149 silly decomposeActions fetch bcrypt@1.0.3
150 silly decomposeActions extract bcrypt@1.0.3
151 silly decomposeActions test bcrypt@1.0.3
152 silly decomposeActions preinstall bcrypt@1.0.3
153 silly decomposeActions build bcrypt@1.0.3
154 silly decomposeActions install bcrypt@1.0.3
155 silly decomposeActions postinstall bcrypt@1.0.3
156 silly decomposeActions finalize bcrypt@1.0.3
157 silly decomposeActions fetch bcrypt-nodejs@0.0.3
158 silly decomposeActions extract bcrypt-nodejs@0.0.3
159 silly decomposeActions test bcrypt-nodejs@0.0.3
160 silly decomposeActions preinstall bcrypt-nodejs@0.0.3
161 silly decomposeActions build bcrypt-nodejs@0.0.3
162 silly decomposeActions install bcrypt-nodejs@0.0.3
163 silly decomposeActions postinstall bcrypt-nodejs@0.0.3
164 silly decomposeActions finalize bcrypt-nodejs@0.0.3
165 silly decomposeActions fetch node@9.4.0
166 silly decomposeActions extract node@9.4.0
167 silly decomposeActions test node@9.4.0
168 silly decomposeActions preinstall node@9.4.0
169 silly decomposeActions build node@9.4.0
170 silly decomposeActions install node@9.4.0
171 silly decomposeActions postinstall node@9.4.0
172 silly decomposeActions finalize node@9.4.0
173 silly decomposeActions fetch nodejs@0.0.0
174 silly decomposeActions extract nodejs@0.0.0
175 silly decomposeActions test nodejs@0.0.0
176 silly decomposeActions preinstall nodejs@0.0.0
177 silly decomposeActions build nodejs@0.0.0
178 silly decomposeActions install nodejs@0.0.0
179 silly decomposeActions postinstall nodejs@0.0.0
180 silly decomposeActions finalize nodejs@0.0.0
181 silly executeActions Starting
182 silly install executeActions
183 silly doSerial global-install 0
184 silly doParallel fetch 5
185 verbose lock using /home/vijaicv/.npm/_locks/staging-951f8d7397603be0.lock for /home/vijaicv/bkserver/node_modules/.staging
186 silly doParallel extract 5
187 silly extract node-bin-setup@1.0.6
188 silly extract bcrypt@1.0.3
189 silly extract bcrypt-nodejs@0.0.3
190 silly extract node@9.4.0
191 silly extract nodejs@0.0.0
192 silly addNamed bcrypt@1.0.3
193 verbose addNamed "1.0.3" is a plain semver version for bcrypt
194 silly mapToRegistry name bcrypt
195 silly mapToRegistry using default registry
196 silly mapToRegistry registry https://registry.npmjs.org/
197 silly mapToRegistry uri https://registry.npmjs.org/bcrypt
198 verbose addNameVersion registry:https://registry.npmjs.org/bcrypt not in flight; fetching
199 silly addNamed bcrypt-nodejs@0.0.3
200 verbose addNamed "0.0.3" is a plain semver version for bcrypt-nodejs
201 silly mapToRegistry name bcrypt-nodejs
202 silly mapToRegistry using default registry
203 silly mapToRegistry registry https://registry.npmjs.org/
204 silly mapToRegistry uri https://registry.npmjs.org/bcrypt-nodejs
205 verbose addNameVersion registry:https://registry.npmjs.org/bcrypt-nodejs not in flight; fetching
206 silly addNamed nodejs@0.0.0
207 verbose addNamed "0.0.0" is a plain semver version for nodejs
208 silly mapToRegistry name nodejs
209 silly mapToRegistry using default registry
210 silly mapToRegistry registry https://registry.npmjs.org/
211 silly mapToRegistry uri https://registry.npmjs.org/nodejs
212 verbose addNameVersion registry:https://registry.npmjs.org/nodejs not in flight; fetching
213 verbose request uri https://registry.npmjs.org/bcrypt
214 verbose request no auth needed
215 info attempt registry request try #1 at 9:39:22 PM
216 http request GET https://registry.npmjs.org/bcrypt
217 verbose request uri https://registry.npmjs.org/bcrypt-nodejs
218 verbose request no auth needed
219 info attempt registry request try #1 at 9:39:22 PM
220 http request GET https://registry.npmjs.org/bcrypt-nodejs
221 verbose request uri https://registry.npmjs.org/nodejs
222 verbose request no auth needed
223 info attempt registry request try #1 at 9:39:22 PM
224 http request GET https://registry.npmjs.org/nodejs
225 verbose unbuild node_modules/.staging/node-bin-setup-2e500b15
226 verbose unbuild node_modules/.staging/node-1ebe673d
227 silly gentlyRm /home/vijaicv/bkserver/node_modules/.staging/node-bin-setup-2e500b15 is being purged from base /home/vijaicv/bkserver
228 verbose gentlyRm don't care about contents; nuking /home/vijaicv/bkserver/node_modules/.staging/node-bin-setup-2e500b15
229 verbose tar unpack /home/vijaicv/.npm/node-bin-setup/1.0.6/package.tgz
230 verbose tar unpacking to /home/vijaicv/bkserver/node_modules/.staging/node-bin-setup-2e500b15
231 silly gentlyRm /home/vijaicv/bkserver/node_modules/.staging/node-bin-setup-2e500b15 is being purged
232 verbose gentlyRm don't care about contents; nuking /home/vijaicv/bkserver/node_modules/.staging/node-bin-setup-2e500b15
233 silly gentlyRm /home/vijaicv/bkserver/node_modules/.staging/node-1ebe673d is being purged from base /home/vijaicv/bkserver
234 verbose gentlyRm don't care about contents; nuking /home/vijaicv/bkserver/node_modules/.staging/node-1ebe673d
235 silly gunzTarPerm modes [ '755', '644' ]
236 verbose tar unpack /home/vijaicv/.npm/node/9.4.0/package.tgz
237 verbose tar unpacking to /home/vijaicv/bkserver/node_modules/.staging/node-1ebe673d
238 silly gentlyRm /home/vijaicv/bkserver/node_modules/.staging/node-1ebe673d is being purged
239 verbose gentlyRm don't care about contents; nuking /home/vijaicv/bkserver/node_modules/.staging/node-1ebe673d
240 silly gunzTarPerm modes [ '755', '644' ]
241 silly gunzTarPerm extractEntry package.json
242 silly gunzTarPerm extractEntry package.json
243 silly gunzTarPerm extractEntry installArchSpecificPackage.js
244 silly gunzTarPerm extractEntry README.md
245 silly gunzTarPerm extractEntry index.js
246 silly gentlyRm /home/vijaicv/bkserver/node_modules/.staging/node-bin-setup-2e500b15/node_modules is being purged
247 verbose gentlyRm don't care about contents; nuking /home/vijaicv/bkserver/node_modules/.staging/node-bin-setup-2e500b15/node_modules
248 silly gentlyRm /home/vijaicv/bkserver/node_modules/.staging/node-1ebe673d/node_modules is being purged
249 verbose gentlyRm don't care about contents; nuking /home/vijaicv/bkserver/node_modules/.staging/node-1ebe673d/node_modules
250 http 200 https://registry.npmjs.org/bcrypt
251 verbose headers { 'content-type': 'application/json; charset=UTF-8',
251 verbose headers   server: 'UploadServer',
251 verbose headers   'cache-control': 'max-age=300',
251 verbose headers   'last-modified': 'Sun, 21 Jan 2018 7:35:27 GMT',
251 verbose headers   etag: '"5a6442bf-18e5b"',
251 verbose headers   'content-encoding': 'gzip',
251 verbose headers   'content-length': '12434',
251 verbose headers   'accept-ranges': 'bytes',
251 verbose headers   date: 'Mon, 22 Jan 2018 16:09:22 GMT',
251 verbose headers   via: '1.1 varnish',
251 verbose headers   age: '12877',
251 verbose headers   connection: 'keep-alive',
251 verbose headers   'x-served-by': 'cache-sin18031-SIN',
251 verbose headers   'x-cache': 'HIT',
251 verbose headers   'x-cache-hits': '8',
251 verbose headers   'x-timer': 'S1516637363.875640,VS0,VE0',
251 verbose headers   vary: 'Accept-Encoding, Accept' }
252 silly get cb [ 200,
252 silly get   { 'content-type': 'application/json; charset=UTF-8',
252 silly get     server: 'UploadServer',
252 silly get     'cache-control': 'max-age=300',
252 silly get     'last-modified': 'Sun, 21 Jan 2018 7:35:27 GMT',
252 silly get     etag: '"5a6442bf-18e5b"',
252 silly get     'content-encoding': 'gzip',
252 silly get     'content-length': '12434',
252 silly get     'accept-ranges': 'bytes',
252 silly get     date: 'Mon, 22 Jan 2018 16:09:22 GMT',
252 silly get     via: '1.1 varnish',
252 silly get     age: '12877',
252 silly get     connection: 'keep-alive',
252 silly get     'x-served-by': 'cache-sin18031-SIN',
252 silly get     'x-cache': 'HIT',
252 silly get     'x-cache-hits': '8',
252 silly get     'x-timer': 'S1516637363.875640,VS0,VE0',
252 silly get     vary: 'Accept-Encoding, Accept' } ]
253 verbose get saving bcrypt to /home/vijaicv/.npm/registry.npmjs.org/bcrypt/.cache.json
254 silly mapToRegistry name bcrypt
255 silly mapToRegistry using default registry
256 silly mapToRegistry registry https://registry.npmjs.org/
257 silly mapToRegistry uri https://registry.npmjs.org/bcrypt
258 verbose addRemoteTarball https://registry.npmjs.org/bcrypt/-/bcrypt-1.0.3.tgz not in flight; adding
259 verbose addRemoteTarball [ 'https://registry.npmjs.org/bcrypt/-/bcrypt-1.0.3.tgz',
259 verbose addRemoteTarball   'b02ddc6c0b52ea16b8d3cf375d5a32e780dab548' ]
260 info retry fetch attempt 1 at 9:39:22 PM
261 info attempt registry request try #1 at 9:39:22 PM
262 http fetch GET https://registry.npmjs.org/bcrypt/-/bcrypt-1.0.3.tgz
263 http 200 https://registry.npmjs.org/nodejs
264 verbose headers { 'content-type': 'application/json; charset=UTF-8',
264 verbose headers   server: 'UploadServer',
264 verbose headers   'cache-control': 'max-age=300',
264 verbose headers   'last-modified': 'Fri, 21 Oct 2016 14:29:47 GMT',
264 verbose headers   etag: '"580a265b-3dd"',
264 verbose headers   'content-encoding': 'gzip',
264 verbose headers   'content-length': '514',
264 verbose headers   'accept-ranges': 'bytes',
264 verbose headers   date: 'Mon, 22 Jan 2018 16:09:23 GMT',
264 verbose headers   via: '1.1 varnish',
264 verbose headers   age: '2214',
264 verbose headers   connection: 'keep-alive',
264 verbose headers   'x-served-by': 'cache-sin18030-SIN',
264 verbose headers   'x-cache': 'HIT',
264 verbose headers   'x-cache-hits': '1',
264 verbose headers   'x-timer': 'S1516637363.055369,VS0,VE1',
264 verbose headers   vary: 'Accept-Encoding, Accept' }
265 silly get cb [ 200,
265 silly get   { 'content-type': 'application/json; charset=UTF-8',
265 silly get     server: 'UploadServer',
265 silly get     'cache-control': 'max-age=300',
265 silly get     'last-modified': 'Fri, 21 Oct 2016 14:29:47 GMT',
265 silly get     etag: '"580a265b-3dd"',
265 silly get     'content-encoding': 'gzip',
265 silly get     'content-length': '514',
265 silly get     'accept-ranges': 'bytes',
265 silly get     date: 'Mon, 22 Jan 2018 16:09:23 GMT',
265 silly get     via: '1.1 varnish',
265 silly get     age: '2214',
265 silly get     connection: 'keep-alive',
265 silly get     'x-served-by': 'cache-sin18030-SIN',
265 silly get     'x-cache': 'HIT',
265 silly get     'x-cache-hits': '1',
265 silly get     'x-timer': 'S1516637363.055369,VS0,VE1',
265 silly get     vary: 'Accept-Encoding, Accept' } ]
266 verbose get saving nodejs to /home/vijaicv/.npm/registry.npmjs.org/nodejs/.cache.json
267 silly mapToRegistry name nodejs
268 silly mapToRegistry using default registry
269 silly mapToRegistry registry https://registry.npmjs.org/
270 silly mapToRegistry uri https://registry.npmjs.org/nodejs
271 verbose addRemoteTarball https://registry.npmjs.org/nodejs/-/nodejs-0.0.0.tgz not in flight; adding
272 verbose addRemoteTarball [ 'https://registry.npmjs.org/nodejs/-/nodejs-0.0.0.tgz',
272 verbose addRemoteTarball   '4722fa2e18ac4eb73a42ae16d01e3584a12b7531' ]
273 info retry fetch attempt 1 at 9:39:23 PM
274 info attempt registry request try #1 at 9:39:23 PM
275 http fetch GET https://registry.npmjs.org/nodejs/-/nodejs-0.0.0.tgz
276 http 200 https://registry.npmjs.org/bcrypt-nodejs
277 verbose headers { 'content-type': 'application/json; charset=UTF-8',
277 verbose headers   server: 'UploadServer',
277 verbose headers   'cache-control': 'max-age=300',
277 verbose headers   'last-modified': 'Thu, 11 Jan 2018 15:17:24 GMT',
277 verbose headers   etag: '"5a578004-2650"',
277 verbose headers   'content-encoding': 'gzip',
277 verbose headers   'content-length': '3013',
277 verbose headers   'accept-ranges': 'bytes',
277 verbose headers   date: 'Mon, 22 Jan 2018 16:09:23 GMT',
277 verbose headers   via: '1.1 varnish',
277 verbose headers   age: '11107',
277 verbose headers   connection: 'keep-alive',
277 verbose headers   'x-served-by': 'cache-sin18032-SIN',
277 verbose headers   'x-cache': 'HIT',
277 verbose headers   'x-cache-hits': '1',
277 verbose headers   'x-timer': 'S1516637363.072729,VS0,VE0',
277 verbose headers   vary: 'Accept-Encoding, Accept' }
278 silly get cb [ 200,
278 silly get   { 'content-type': 'application/json; charset=UTF-8',
278 silly get     server: 'UploadServer',
278 silly get     'cache-control': 'max-age=300',
278 silly get     'last-modified': 'Thu, 11 Jan 2018 15:17:24 GMT',
278 silly get     etag: '"5a578004-2650"',
278 silly get     'content-encoding': 'gzip',
278 silly get     'content-length': '3013',
278 silly get     'accept-ranges': 'bytes',
278 silly get     date: 'Mon, 22 Jan 2018 16:09:23 GMT',
278 silly get     via: '1.1 varnish',
278 silly get     age: '11107',
278 silly get     connection: 'keep-alive',
278 silly get     'x-served-by': 'cache-sin18032-SIN',
278 silly get     'x-cache': 'HIT',
278 silly get     'x-cache-hits': '1',
278 silly get     'x-timer': 'S1516637363.072729,VS0,VE0',
278 silly get     vary: 'Accept-Encoding, Accept' } ]
279 verbose get saving bcrypt-nodejs to /home/vijaicv/.npm/registry.npmjs.org/bcrypt-nodejs/.cache.json
280 silly mapToRegistry name bcrypt-nodejs
281 silly mapToRegistry using default registry
282 silly mapToRegistry registry https://registry.npmjs.org/
283 silly mapToRegistry uri https://registry.npmjs.org/bcrypt-nodejs
284 verbose addRemoteTarball https://registry.npmjs.org/bcrypt-nodejs/-/bcrypt-nodejs-0.0.3.tgz not in flight; adding
285 verbose addRemoteTarball [ 'https://registry.npmjs.org/bcrypt-nodejs/-/bcrypt-nodejs-0.0.3.tgz',
285 verbose addRemoteTarball   'c60917f26dc235661566c681061c303c2b28842b' ]
286 info retry fetch attempt 1 at 9:39:23 PM
287 info attempt registry request try #1 at 9:39:23 PM
288 http fetch GET https://registry.npmjs.org/bcrypt-nodejs/-/bcrypt-nodejs-0.0.3.tgz
289 http fetch 200 https://registry.npmjs.org/nodejs/-/nodejs-0.0.0.tgz
290 silly fetchAndShaCheck shasum 4722fa2e18ac4eb73a42ae16d01e3584a12b7531
291 verbose addTmpTarball /tmp/npm-8530-8d1b9011/registry.npmjs.org/nodejs/-/nodejs-0.0.0.tgz not in flight; adding
292 verbose addTmpTarball already have metadata; skipping unpack for nodejs@0.0.0
293 verbose unbuild node_modules/.staging/nodejs-833e7ad0
294 silly gentlyRm /home/vijaicv/bkserver/node_modules/.staging/nodejs-833e7ad0 is being purged from base /home/vijaicv/bkserver
295 verbose gentlyRm don't care about contents; nuking /home/vijaicv/bkserver/node_modules/.staging/nodejs-833e7ad0
296 verbose tar unpack /home/vijaicv/.npm/nodejs/0.0.0/package.tgz
297 verbose tar unpacking to /home/vijaicv/bkserver/node_modules/.staging/nodejs-833e7ad0
298 silly gentlyRm /home/vijaicv/bkserver/node_modules/.staging/nodejs-833e7ad0 is being purged
299 verbose gentlyRm don't care about contents; nuking /home/vijaicv/bkserver/node_modules/.staging/nodejs-833e7ad0
300 silly gunzTarPerm modes [ '755', '644' ]
301 http fetch 200 https://registry.npmjs.org/bcrypt-nodejs/-/bcrypt-nodejs-0.0.3.tgz
302 silly gunzTarPerm extractEntry package.json
303 silly gunzTarPerm modified mode [ 'package.json', 438, 420 ]
304 silly gunzTarPerm extractEntry 1/getmodule.js
305 silly gunzTarPerm modified mode [ '1/getmodule.js', 438, 420 ]
306 silly gunzTarPerm extractEntry 1/module.js
307 silly gunzTarPerm modified mode [ '1/module.js', 438, 420 ]
308 silly gunzTarPerm extractEntry 1/singleobject.js
309 silly gunzTarPerm modified mode [ '1/singleobject.js', 438, 420 ]
310 silly gentlyRm /home/vijaicv/bkserver/node_modules/.staging/nodejs-833e7ad0/node_modules is being purged
311 verbose gentlyRm don't care about contents; nuking /home/vijaicv/bkserver/node_modules/.staging/nodejs-833e7ad0/node_modules
312 silly fetchAndShaCheck shasum c60917f26dc235661566c681061c303c2b28842b
313 verbose addTmpTarball /tmp/npm-8530-8d1b9011/registry.npmjs.org/bcrypt-nodejs/-/bcrypt-nodejs-0.0.3.tgz not in flight; adding
314 verbose addTmpTarball already have metadata; skipping unpack for bcrypt-nodejs@0.0.3
315 verbose unbuild node_modules/.staging/bcrypt-nodejs-375120de
316 silly gentlyRm /home/vijaicv/bkserver/node_modules/.staging/bcrypt-nodejs-375120de is being purged from base /home/vijaicv/bkserver
317 verbose gentlyRm don't care about contents; nuking /home/vijaicv/bkserver/node_modules/.staging/bcrypt-nodejs-375120de
318 verbose tar unpack /home/vijaicv/.npm/bcrypt-nodejs/0.0.3/package.tgz
319 verbose tar unpacking to /home/vijaicv/bkserver/node_modules/.staging/bcrypt-nodejs-375120de
320 silly gentlyRm /home/vijaicv/bkserver/node_modules/.staging/bcrypt-nodejs-375120de is being purged
321 verbose gentlyRm don't care about contents; nuking /home/vijaicv/bkserver/node_modules/.staging/bcrypt-nodejs-375120de
322 silly gunzTarPerm modes [ '755', '644' ]
323 silly gunzTarPerm extractEntry package.json
324 silly gunzTarPerm modified mode [ 'package.json', 438, 420 ]
325 silly gunzTarPerm extractEntry .npmignore
326 silly gunzTarPerm modified mode [ '.npmignore', 438, 420 ]
327 silly gunzTarPerm extractEntry README.md
328 silly gunzTarPerm modified mode [ 'README.md', 438, 420 ]
329 silly gunzTarPerm extractEntry LICENSE
330 silly gunzTarPerm modified mode [ 'LICENSE', 438, 420 ]
331 silly gunzTarPerm extractEntry bCrypt.js
332 silly gunzTarPerm modified mode [ 'bCrypt.js', 438, 420 ]
333 silly gunzTarPerm extractEntry test-async.js
334 silly gunzTarPerm modified mode [ 'test-async.js', 438, 420 ]
335 silly gunzTarPerm extractEntry test-sync.js
336 silly gunzTarPerm modified mode [ 'test-sync.js', 438, 420 ]
337 silly gunzTarPerm extractEntry .gitattributes
338 silly gunzTarPerm modified mode [ '.gitattributes', 438, 420 ]
339 silly gentlyRm /home/vijaicv/bkserver/node_modules/.staging/bcrypt-nodejs-375120de/node_modules is being purged
340 verbose gentlyRm don't care about contents; nuking /home/vijaicv/bkserver/node_modules/.staging/bcrypt-nodejs-375120de/node_modules
341 http fetch 200 https://registry.npmjs.org/bcrypt/-/bcrypt-1.0.3.tgz
342 silly fetchAndShaCheck shasum b02ddc6c0b52ea16b8d3cf375d5a32e780dab548
343 verbose addTmpTarball /tmp/npm-8530-8d1b9011/registry.npmjs.org/bcrypt/-/bcrypt-1.0.3.tgz not in flight; adding
344 verbose addTmpTarball already have metadata; skipping unpack for bcrypt@1.0.3
345 verbose unbuild node_modules/.staging/bcrypt-e984ec39
346 silly gentlyRm /home/vijaicv/bkserver/node_modules/.staging/bcrypt-e984ec39 is being purged from base /home/vijaicv/bkserver
347 verbose gentlyRm don't care about contents; nuking /home/vijaicv/bkserver/node_modules/.staging/bcrypt-e984ec39
348 verbose tar unpack /home/vijaicv/.npm/bcrypt/1.0.3/package.tgz
349 verbose tar unpacking to /home/vijaicv/bkserver/node_modules/.staging/bcrypt-e984ec39
350 silly gentlyRm /home/vijaicv/bkserver/node_modules/.staging/bcrypt-e984ec39 is being purged
351 verbose gentlyRm don't care about contents; nuking /home/vijaicv/bkserver/node_modules/.staging/bcrypt-e984ec39
352 silly gunzTarPerm modes [ '755', '644' ]
353 silly gunzTarPerm extractEntry package.json
354 silly gunzTarPerm extractEntry .npmignore
355 silly gunzTarPerm extractEntry README.md
356 silly gunzTarPerm extractEntry LICENSE
357 silly gunzTarPerm extractEntry bcrypt.js
358 silly gunzTarPerm extractEntry Makefile
359 silly gunzTarPerm extractEntry .travis.yml
360 silly gunzTarPerm extractEntry appveyor.yml
361 silly gunzTarPerm extractEntry CHANGELOG.md
362 silly gunzTarPerm extractEntry binding.gyp
363 silly gunzTarPerm extractEntry examples/async_compare.js
364 silly gunzTarPerm extractEntry examples/forever_gen_salt.js
365 silly gunzTarPerm extractEntry lib/promises.js
366 silly gunzTarPerm extractEntry test/async.js
367 silly gunzTarPerm extractEntry test/promise.js
368 silly gunzTarPerm extractEntry test/repetitions.js
369 silly gunzTarPerm extractEntry test/sync.js
370 silly gunzTarPerm extractEntry ISSUE_TEMPLATE.md
371 silly gunzTarPerm extractEntry src/bcrypt.cc
372 silly gunzTarPerm extractEntry src/bcrypt_node.cc
373 silly gunzTarPerm extractEntry src/blowfish.cc
374 silly gunzTarPerm extractEntry src/node_blf.h
375 silly gunzTarPerm extractEntry werker.yml
376 silly gentlyRm /home/vijaicv/bkserver/node_modules/.staging/bcrypt-e984ec39/node_modules is being purged
377 verbose gentlyRm don't care about contents; nuking /home/vijaicv/bkserver/node_modules/.staging/bcrypt-e984ec39/node_modules
378 silly doParallel preinstall 5
379 silly preinstall node-bin-setup@1.0.6 /home/vijaicv/bkserver/node_modules/.staging/node-bin-setup-2e500b15
380 info lifecycle node-bin-setup@1.0.6~preinstall: node-bin-setup@1.0.6
381 silly preinstall bcrypt@1.0.3 /home/vijaicv/bkserver/node_modules/.staging/bcrypt-e984ec39
382 info lifecycle bcrypt@1.0.3~preinstall: bcrypt@1.0.3
383 silly preinstall bcrypt-nodejs@0.0.3 /home/vijaicv/bkserver/node_modules/.staging/bcrypt-nodejs-375120de
384 info lifecycle bcrypt-nodejs@0.0.3~preinstall: bcrypt-nodejs@0.0.3
385 silly preinstall node@9.4.0 /home/vijaicv/bkserver/node_modules/.staging/node-1ebe673d
386 info lifecycle node@9.4.0~preinstall: node@9.4.0
387 silly preinstall nodejs@0.0.0 /home/vijaicv/bkserver/node_modules/.staging/nodejs-833e7ad0
388 info lifecycle nodejs@0.0.0~preinstall: nodejs@0.0.0
389 silly lifecycle node-bin-setup@1.0.6~preinstall: no script for preinstall, continuing
390 silly lifecycle bcrypt@1.0.3~preinstall: no script for preinstall, continuing
391 silly lifecycle bcrypt-nodejs@0.0.3~preinstall: no script for preinstall, continuing
392 verbose lifecycle node@9.4.0~preinstall: unsafe-perm in lifecycle true
393 verbose lifecycle node@9.4.0~preinstall: PATH: /usr/share/npm/bin/node-gyp-bin:/home/vijaicv/bkserver/node_modules/.staging/node-1ebe673d/node_modules/.bin:/home/vijaicv/bkserver/node_modules/.bin:/usr/local/sbin:/usr/local/bin:/usr/sbin:/usr/bin:/sbin:/bin:/usr/games:/usr/local/games:/snap/bin:/usr/lib/jvm/java-9-oracle/bin:/usr/lib/jvm/java-9-oracle/db/bin
394 verbose lifecycle node@9.4.0~preinstall: CWD: /home/vijaicv/bkserver/node_modules/.staging/node-1ebe673d
395 silly lifecycle node@9.4.0~preinstall: Args: [ '-c', 'node installArchSpecificPackage' ]
396 silly lifecycle nodejs@0.0.0~preinstall: no script for preinstall, continuing
397 silly lifecycle node@9.4.0~preinstall: Returned: code: 1  signal: null
398 info lifecycle node@9.4.0~preinstall: Failed to exec preinstall script
399 verbose unlock done using /home/vijaicv/.npm/_locks/staging-951f8d7397603be0.lock for /home/vijaicv/bkserver/node_modules/.staging
400 silly rollbackFailedOptional Starting
401 silly rollbackFailedOptional Finishing
402 silly runTopLevelLifecycles Starting
403 silly runTopLevelLifecycles Finishing
404 silly install printInstalled
405 warn optional Skipping failed optional dependency /chokidar/fsevents:
406 warn notsup Not compatible with your operating system or architecture: fsevents@1.1.3
407 warn enoent ENOENT: no such file or directory, open '/home/vijaicv/bkserver/node_modules/node-pre-gyp/package.json'
408 warn bkserver@1.0.0 No repository field.
409 verbose stack Error: node@9.4.0 preinstall: `node installArchSpecificPackage`
409 verbose stack Exit status 1
409 verbose stack     at EventEmitter.<anonymous> (/usr/share/npm/lib/utils/lifecycle.js:232:16)
409 verbose stack     at emitTwo (events.js:106:13)
409 verbose stack     at EventEmitter.emit (events.js:191:7)
409 verbose stack     at ChildProcess.<anonymous> (/usr/share/npm/lib/utils/spawn.js:24:14)
409 verbose stack     at emitTwo (events.js:106:13)
409 verbose stack     at ChildProcess.emit (events.js:191:7)
409 verbose stack     at maybeClose (internal/child_process.js:920:16)
409 verbose stack     at Process.ChildProcess._handle.onexit (internal/child_process.js:230:5)
410 verbose pkgid node@9.4.0
411 verbose cwd /home/vijaicv/bkserver
412 error Linux 4.13.0-25-generic
413 error argv "/usr/bin/node" "/usr/bin/npm" "install" "node"
414 error node v6.11.4
415 error npm  v3.5.2
416 error code ELIFECYCLE
417 error node@9.4.0 preinstall: `node installArchSpecificPackage`
417 error Exit status 1
418 error Failed at the node@9.4.0 preinstall script 'node installArchSpecificPackage'.
418 error Make sure you have the latest version of node.js and npm installed.
418 error If you do, this is most likely a problem with the node package,
418 error not with npm itself.
418 error Tell the author that this fails on your system:
418 error     node installArchSpecificPackage
418 error You can get information on how to open an issue for this project with:
418 error     npm bugs node
418 error Or if that isn't available, you can get their info via:
418 error     npm owner ls node
418 error There is likely additional logging output above.
419 verbose exit [ 1, true ]
